#
# A fatal error has been detected by the Java Runtime Environment:
#
#  Internal Error (jvmciRuntime.cpp:1609), pid=28, tid=42
#  fatal error: Fatal exception in JVMCI: Error calling jdk.vm.ci.services.Services.serializeSavedProperties
#
# JRE version: OpenJDK Runtime Environment GraalVM CE 22.3.0 (17.0.5+8) (build 17.0.5+8-jvmci-22.3-b08)
# Java VM: OpenJDK 64-Bit Server VM GraalVM CE 22.3.0 (17.0.5+8-jvmci-22.3-b08, mixed mode, sharing, tiered, jvmci, jvmci compiler, compressed oops, compressed class ptrs, parallel gc, linux-amd64)
# Problematic frame:
# V  [libjvm.so+0x972714]  JVMCIRuntime::fatal_exception(JVMCIEnv*, char const*)+0x74
#
# Core dump will be written. Default location: Core dumps may be processed with "/usr/share/apport/apport -p%p -s%s -c%c -d%d -P%P -u%u -g%g -- %E" (or dumping to /home/runner/Proyecto-1/core.28)
#
# If you would like to submit a bug report, please visit:
#   https://github.com/oracle/graal/issues
#

---------------  S U M M A R Y ------------

Command Line: -XX:ThreadPriorityPolicy=1 -XX:+UnlockExperimentalVMOptions -XX:+EnableJVMCIProduct -XX:JVMCIThreadsPerNativeLibraryRuntime=1 -XX:-UnlockExperimentalVMOptions -Declipse.application=org.eclipse.jdt.ls.core.id1 -Dosgi.bundles.defaultStartLevel=4 -Declipse.product=org.eclipse.jdt.ls.core.product -Dlog.level=ALL -Xverify:none -XX:+UseParallelGC -XX:GCTimeRatio=4 -XX:AdaptiveSizePolicyWeight=90 -Dsun.zip.disableMemoryMapping=true -Xmx512m -Xms100m /nix/store/m6gcpi1ii6rghy04cjwjddcavv7i90df-jdt-language-server-1.9.0/share/java/plugins/org.eclipse.equinox.launcher_1.6.400.v20210924-0641.jar --add-modules=ALL-SYSTEM --add-opens java.base/java.util=ALL-UNNAMED --add-opens java.base/java.lang=ALL-UNNAMED -configuration /home/runner/.cache/jdt-language-server/config -data /home/runner/.cache/jdt-language-server/data/home/runner/Proyecto-1

Host: AMD EPYC 7B12, 8 cores, 1G, Ubuntu 20.04.2 LTS
Time: Sat May  6 21:26:23 2023 UTC elapsed time: 1713.282500 seconds (0d 0h 28m 33s)

---------------  T H R E A D  ---------------

Current thread (0x00007f24000b21d0):  JavaThread "JVMCI-native CompilerThread0" daemon [_thread_in_vm, id=42, stack(0x00007f23e4c48000,0x00007f23e4e48000)]


Current CompileTask:
JVMCI-native:1713282 8170       4       java.util.Objects::equals (23 bytes)

Stack: [0x00007f23e4c48000,0x00007f23e4e48000],  sp=0x00007f23e4e46380,  free space=2040k
Native frames: (J=compiled Java code, j=interpreted, Vv=VM code, C=native code)
V  [libjvm.so+0x972714]  JVMCIRuntime::fatal_exception(JVMCIEnv*, char const*)+0x74
V  [libjvm.so+0x93e2fe]  JVMCIEnv::copy_saved_properties()+0x14e
V  [libjvm.so+0x9732a9]  JVMCIRuntime::initialize(JVMCIEnv*)+0xb19
V  [libjvm.so+0x9738a2]  JVMCIRuntime::get_HotSpotJVMCIRuntime(JVMCIEnv*)+0x12
V  [libjvm.so+0x9749f2]  JVMCIRuntime::compile_method(JVMCIEnv*, JVMCICompiler*, methodHandle const&, int)+0xd2
V  [libjvm.so+0x5b0d20]  CompileBroker::invoke_compiler_on_method(CompileTask*)+0x1470
V  [libjvm.so+0x5b12e8]  CompileBroker::compiler_thread_loop()+0x528
V  [libjvm.so+0xd82460]  JavaThread::thread_main_inner()+0xd0
V  [libjvm.so+0xd85a40]  Thread::call_run()+0xc0
V  [libjvm.so+0xbdb1e1]  thread_native_entry(Thread*)+0xe1

Register to memory mapping:

RAX=0x00007f2404953000 points into unknown readable memory: 0x0000000000000058 | 58 00 00 00 00 00 00 00
RBX=0x00007f2405a4e398: <offset 0x0000000000ef5398> in /nix/store/gpxl5qgg8kicmcvivwmybwjlpf7wh20l-graalvm17-ce-22.3.0/lib/server/libjvm.so at 0x00007f2404b59000
RCX=0x00007f2405a061e8: <offset 0x0000000000ead1e8> in /nix/store/gpxl5qgg8kicmcvivwmybwjlpf7wh20l-graalvm17-ce-22.3.0/lib/server/libjvm.so at 0x00007f2404b59000
RDX=0x0000000000000649 is an unknown value
RSP=0x00007f23e4e46380 is pointing into the stack for thread: 0x00007f24000b21d0
RBP=0x00007f23e4e463a0 is pointing into the stack for thread: 0x00007f24000b21d0
RSI=0x00007f2405a4ec48: <offset 0x0000000000ef5c48> in /nix/store/gpxl5qgg8kicmcvivwmybwjlpf7wh20l-graalvm17-ce-22.3.0/lib/server/libjvm.so at 0x00007f2404b59000
RDI=0x00000000e0000000 is an oop: java.lang.String 
{0x00000000e0000000} - klass: 'java/lang/String'
 - string: "resolution"
R8 =0x00007f2405a4e398: <offset 0x0000000000ef5398> in /nix/store/gpxl5qgg8kicmcvivwmybwjlpf7wh20l-graalvm17-ce-22.3.0/lib/server/libjvm.so at 0x00007f2404b59000
R9 =0x00007f23e4e46330 is pointing into the stack for thread: 0x00007f24000b21d0
R10=0x00007f23e4e47948 is pointing into the stack for thread: 0x00007f24000b21d0
R11=0x0000000000000293 is an unknown value
R12=0x0 is NULL
R13=0x00007f24000b21d0 is a thread
R14=0x00007f2400000b80 points into unknown readable memory: 0x00007f2405c7fa38 | 38 fa c7 05 24 7f 00 00
R15=0x00007f2405d8de40: <offset 0x0000000001234e40> in /nix/store/gpxl5qgg8kicmcvivwmybwjlpf7wh20l-graalvm17-ce-22.3.0/lib/server/libjvm.so at 0x00007f2404b59000


Registers:
RAX=0x00007f2404953000, RBX=0x00007f2405a4e398, RCX=0x00007f2405a061e8, RDX=0x0000000000000649
RSP=0x00007f23e4e46380, RBP=0x00007f23e4e463a0, RSI=0x00007f2405a4ec48, RDI=0x00000000e0000000
R8 =0x00007f2405a4e398, R9 =0x00007f23e4e46330, R10=0x00007f23e4e47948, R11=0x0000000000000293
R12=0x0000000000000000, R13=0x00007f24000b21d0, R14=0x00007f2400000b80, R15=0x00007f2405d8de40
RIP=0x00007f24054cb714, EFLAGS=0x0000000000010206, CSGSFS=0x002b000000000033, ERR=0x0000000000000006
  TRAPNO=0x000000000000000e

Top of Stack: (sp=0x00007f23e4e46380)
0x00007f23e4e46380:   00007f23e4e46940 00007f24000b21d0
0x00007f23e4e46390:   00007f24042e48c8 0000000800c415a8
0x00007f23e4e463a0:   00007f23e4e46500 00007f24054972fe
0x00007f23e4e463b0:   00007f23e4e463e0 00007f23e4e46440 

Instructions: (pc=0x00007f24054cb714)
0x00007f24054cb614:   30 e8 f6 cf e8 ff 4c 89 e7 e8 2e 48 d1 ff 84 db
0x00007f24054cb624:   75 2a 4d 85 ed 74 04 4d 8b 6d 00 48 83 c4 08 44
0x00007f24054cb634:   89 f9 4c 89 f2 4c 89 ee 5b 4c 89 e7 41 5c 41 5d
0x00007f24054cb644:   41 5e 41 5f 5d e9 e2 47 d1 ff 66 90 48 83 c4 08
0x00007f24054cb654:   5b 41 5c 41 5d 41 5e 41 5f 5d c3 90 31 d2 be 08
0x00007f24054cb664:   00 00 00 4c 89 ff e8 b1 78 a3 ff 49 89 c5 e9 37
0x00007f24054cb674:   ff ff ff 66 0f 1f 84 00 00 00 00 00 48 8b 7a 08
0x00007f24054cb684:   e9 6d ff ff ff 0f 1f 80 00 00 00 00 e8 5b 48 0a
0x00007f24054cb694:   00 84 c0 75 89 e9 6a ff ff ff 66 90 55 48 89 e5
0x00007f24054cb6a4:   41 56 41 55 41 54 49 89 fc 53 48 89 f3 66 48 8d
0x00007f24054cb6b4:   3d 27 5e 85 00 66 66 48 e8 df 43 8d ff 4c 8b 28
0x00007f24054cb6c4:   8b 05 be 72 8a 00 85 c0 75 14 ba 01 00 00 00 48
0x00007f24054cb6d4:   8d 0d ae 72 8a 00 f0 0f b1 11 85 c0 74 4e be c8
0x00007f24054cb6e4:   00 00 00 4c 89 ef e8 01 0b 41 00 48 8d 05 12 ac
0x00007f24054cb6f4:   85 00 49 89 d8 48 8d 0d e8 aa 53 00 ba 49 06 00
0x00007f24054cb704:   00 48 8d 35 3c 35 58 00 bf 00 00 00 e0 48 8b 00
0x00007f24054cb714:   c6 00 58 31 c0 e8 e2 91 c6 ff 5b 41 5c 41 5d 41
0x00007f24054cb724:   5e 5d e9 55 34 26 00 0f 1f 44 00 00 48 8d 05 81
0x00007f24054cb734:   a3 8b 00 48 89 df 4c 8b 30 e8 9e 43 8d ff 48 89
0x00007f24054cb744:   de 48 89 c2 49 8b 06 4c 89 f7 ff 50 08 4c 89 f7
0x00007f24054cb754:   e8 a7 5c 27 00 4d 85 e4 74 12 be 01 00 00 00 4c
0x00007f24054cb764:   89 e7 e8 35 43 fc ff eb 82 0f 1f 00 be 01 00 00
0x00007f24054cb774:   00 4c 89 ef e8 d3 fd ff ff e9 6d ff ff ff 66 66
0x00007f24054cb784:   2e 0f 1f 84 00 00 00 00 00 0f 1f 00 55 48 89 e5
0x00007f24054cb794:   41 57 41 56 41 55 41 54 53 48 81 ec 08 02 00 00
0x00007f24054cb7a4:   64 48 8b 04 25 28 00 00 00 48 89 45 c8 8b 07 83
0x00007f24054cb7b4:   f8 02 0f 84 11 04 00 00 4c 8b 6f 18 49 89 ff 49
0x00007f24054cb7c4:   89 f4 4d 85 ed 74 14 4c 89 ef e8 5d 57 22 00 41
0x00007f24054cb7d4:   8b 07 83 f8 02 0f 84 19 04 00 00 48 8d 1d 9a 06
0x00007f24054cb7e4:   8a 00 4c 8d 35 0b 3c 58 00 eb 38 90 48 85 d2 7f
0x00007f24054cb7f4:   0d 48 8d 05 b4 c0 85 00 48 83 38 00 7e 0e 41 8b
0x00007f24054cb804:   77 2c 4c 89 f7 31 c0 e8 a0 b2 f7 ff 49 8b 7f 18 


Stack slot to memory mapping:
stack at sp + 0 slots: 0x00007f23e4e46940 is pointing into the stack for thread: 0x00007f24000b21d0
stack at sp + 1 slots: 0x00007f24000b21d0 is a thread
stack at sp + 2 slots: 0x00007f24042e48c8 points into unknown readable memory: 0x6573001880c9ffff | ff ff c9 80 18 00 73 65
stack at sp + 3 slots: 0x0000000800c415a8 is a pointer to class: 
jdk.vm.ci.services.Services {0x0000000800c415a8}
 - instance size:     2
 - klass size:        65
 - access:            public final synchronized 
 - state:             fully_initialized
 - name:              'jdk/vm/ci/services/Services'
 - super:             'java/lang/Object'
 - sub:               
 - arrays:            NULL
 - methods:           Array<T>(0x00007f23e58404a0)
 - method ordering:   Array<T>(0x0000000800928960)
 - default_methods:   Array<T>(0x0000000000000000)
 - local interfaces:  Array<T>(0x00000008005ce810)
 - trans. interfaces: Array<T>(0x00000008005ce810)
 - constants:         constant pool [427] {0x00007f23e583f2e0} for 'jdk/vm/ci/services/Services' cache=0x00007f23e5841818
 - class loader data:  loader data: 0x00007f24000283f0 of 'bootstrap'
 - source file:       'Services.java'
 - class annotations:       Array<T>(0x0000000000000000)
 - class type annotations:  Array<T>(0x0000000000000000)
 - field annotations:       Array<T>(0x0000000000000000)
 - field type annotations:  Array<T>(0x0000000000000000)
 - inner classes:     Array<T>(0x00007f23e5841778)
 - nest members:     Array<T>(0x00007f23e5841798)
 - permitted subclasses:     Array<T>(0x00000008005ce7a0)
 - java mirror:       a 'java/lang/Class'{0x00000000e014a8d0} = 'jdk/vm/ci/services/Services'
 - vtable length      5  (start addr: 0x0000000800c41778)
 - itable length      2 (start addr: 0x0000000800c417a0)
 - ---- static fields (3 words):
 - public static final 'IS_BUILDING_NATIVE_IMAGE' 'Z' @128 
 - public static final 'IS_IN_NATIVE_IMAGE' 'Z' @129 
 - private static volatile 'savedProperties' 'Ljava/util/Map;' @112 
 - static final 'JVMCI_ENABLED' 'Z' @130 
 - private static final 'servicesCache' 'Ljava/util/Map;' @116 
 - private static final 'MAX_UNICODE_IN_UTF8_LENGTH' 'I' @120 
 - private static final 'MAX_UTF8_PROPERTY_STRING_LENGTH' 'I' @124 
 - ---- non-static fields (0 words):
 - non-static oop maps: 
stack at sp + 4 slots: 0x00007f23e4e46500 is pointing into the stack for thread: 0x00007f24000b21d0
stack at sp + 5 slots: 0x00007f24054972fe: <offset 0x000000000093e2fe> in /nix/store/gpxl5qgg8kicmcvivwmybwjlpf7wh20l-graalvm17-ce-22.3.0/lib/server/libjvm.so at 0x00007f2404b59000
stack at sp + 6 slots: 0x00007f23e4e463e0 is pointing into the stack for thread: 0x00007f24000b21d0
stack at sp + 7 slots: 0x00007f23e4e46440 is pointing into the stack for thread: 0x00007f24000b21d0


---------------  P R O C E S S  ---------------

Threads class SMR info:
_java_thread_list=0x00007f2340001720, length=25, elements={
0x00007f2400026690, 0x00007f24000a64d0, 0x00007f24000a7910, 0x00007f24000ae040,
0x00007f24000af3f0, 0x00007f24000b07e0, 0x00007f24000b21d0, 0x00007f24000b36e0,
0x00007f24000b4b30, 0x00007f24000dfa40, 0x00007f2400127c00, 0x00007f2400323660,
0x00007f2400357120, 0x00007f2400359140, 0x00007f240061d470, 0x00007f2394016d90,
0x00007f23942a1640, 0x00007f23840010d0, 0x00007f239447df40, 0x00007f23945ef8f0,
0x00007f2400489c60, 0x00007f2384007500, 0x00007f2400624fa0, 0x00007f2368000ff0,
0x00007f2364490910
}

Java Threads: ( => current thread )
  0x00007f2400026690 JavaThread "main" [_thread_blocked, id=34, stack(0x00007f2404974000,0x00007f2404a74000)]
  0x00007f24000a64d0 JavaThread "Reference Handler" daemon [_thread_blocked, id=37, stack(0x00007f23e552e000,0x00007f23e562e000)]
  0x00007f24000a7910 JavaThread "Finalizer" daemon [_thread_blocked, id=38, stack(0x00007f23e542e000,0x00007f23e552e000)]
  0x00007f24000ae040 JavaThread "Signal Dispatcher" daemon [_thread_blocked, id=39, stack(0x00007f23e5048000,0x00007f23e5148000)]
  0x00007f24000af3f0 JavaThread "Service Thread" daemon [_thread_blocked, id=40, stack(0x00007f23e4f48000,0x00007f23e5048000)]
  0x00007f24000b07e0 JavaThread "Monitor Deflation Thread" daemon [_thread_blocked, id=41, stack(0x00007f23e4e48000,0x00007f23e4f48000)]
=>0x00007f24000b21d0 JavaThread "JVMCI-native CompilerThread0" daemon [_thread_in_vm, id=42, stack(0x00007f23e4c48000,0x00007f23e4e48000)]
  0x00007f24000b36e0 JavaThread "C1 CompilerThread0" daemon [_thread_blocked, id=43, stack(0x00007f23e4a48000,0x00007f23e4c48000)]
  0x00007f24000b4b30 JavaThread "Sweeper thread" daemon [_thread_blocked, id=44, stack(0x00007f23e4948000,0x00007f23e4a48000)]
  0x00007f24000dfa40 JavaThread "Common-Cleaner" daemon [_thread_blocked, id=47, stack(0x00007f23e4848000,0x00007f23e4948000)]
  0x00007f2400127c00 JavaThread "Notification Thread" daemon [_thread_blocked, id=48, stack(0x00007f23e4748000,0x00007f23e4848000)]
  0x00007f2400323660 JavaThread "Active Thread: Equinox Container: 59a44a31-3f06-4e0e-97d0-e09b8e8374bc" [_thread_blocked, id=92, stack(0x00007f23e4400000,0x00007f23e4500000)]
  0x00007f2400357120 JavaThread "Framework Event Dispatcher: Equinox Container: 59a44a31-3f06-4e0e-97d0-e09b8e8374bc" daemon [_thread_blocked, id=101, stack(0x00007f23e4200000,0x00007f23e4300000)]
  0x00007f2400359140 JavaThread "Start Level: Equinox Container: 59a44a31-3f06-4e0e-97d0-e09b8e8374bc" daemon [_thread_blocked, id=102, stack(0x00007f23e4000000,0x00007f23e4100000)]
  0x00007f240061d470 JavaThread "Refresh Thread: Equinox Container: 59a44a31-3f06-4e0e-97d0-e09b8e8374bc" daemon [_thread_blocked, id=120, stack(0x00007f23ac900000,0x00007f23aca00000)]
  0x00007f2394016d90 JavaThread "SCR Component Actor" daemon [_thread_blocked, id=122, stack(0x00007f23ac700000,0x00007f23ac800000)]
  0x00007f23942a1640 JavaThread "Worker-JM" [_thread_blocked, id=132, stack(0x00007f23ac500000,0x00007f23ac600000)]
  0x00007f23840010d0 JavaThread "Worker-1" [_thread_blocked, id=134, stack(0x00007f23ac100000,0x00007f23ac200000)]
  0x00007f239447df40 JavaThread "Java indexing" daemon [_thread_blocked, id=135, stack(0x00007f23abf00000,0x00007f23ac000000)]
  0x00007f23945ef8f0 JavaThread "Bundle File Closer" daemon [_thread_blocked, id=144, stack(0x00007f23abd00000,0x00007f23abe00000)]
  0x00007f2400489c60 JavaThread "pool-3-thread-1" [_thread_blocked, id=145, stack(0x00007f23abb00000,0x00007f23abc00000)]
  0x00007f2384007500 JavaThread "Worker-2" [_thread_blocked, id=146, stack(0x00007f23ab900000,0x00007f23aba00000)]
  0x00007f2400624fa0 JavaThread "pool-2-thread-1" [_thread_blocked, id=147, stack(0x00007f23ab700000,0x00007f23ab800000)]
  0x00007f2368000ff0 JavaThread "Worker-3: Java indexing... " [_thread_blocked, id=149, stack(0x00007f23ab500000,0x00007f23ab600000)]
  0x00007f2364490910 JavaThread "Okio Watchdog" daemon [_thread_blocked, id=233, stack(0x00007f23aab00000,0x00007f23aac00000)]

Other Threads:
  0x00007f24000a1c10 VMThread "VM Thread" [stack: 0x00007f23e5630000,0x00007f23e5730000] [id=36] _threads_hazard_ptr=0x00007f2340001720
  0x00007f24001295a0 WatcherThread [stack: 0x00007f23e4648000,0x00007f23e4748000] [id=49]
  0x00007f240003df30 GCTaskThread "GC Thread#0" [stack: 0x00007f2404537000,0x00007f2404637000] [id=35]

Threads with active compile tasks:
JVMCI-native CompilerThread0  1713303 8170       4       java.util.Objects::equals (23 bytes)

VM state: synchronizing (normal execution)

VM Mutex/Monitor currently owned by a thread:  ([mutex/lock_event])
[0x00007f2400023840] Threads_lock - owner thread: 0x00007f24000a1c10
[0x00007f2400023ff0] Heap_lock - owner thread: 0x00007f2400624fa0

OutOfMemory and StackOverflow Exception counts:
OutOfMemoryError java_heap_errors=3
LinkageErrors=66

Heap address: 0x00000000e0000000, size: 512 MB, Compressed Oops mode: 32-bit

CDS archive(s) mapped at: [0x0000000800000000-0x0000000800bc8000-0x0000000800bc8000), size 12353536, SharedBaseAddress: 0x0000000800000000, ArchiveRelocationMode: 0.
Compressed class space mapped at: 0x0000000800c00000-0x0000000840c00000, reserved size: 1073741824
Narrow klass base: 0x0000000800000000, Narrow klass shift: 0, Narrow klass range: 0x100000000

GC Precious Log:
 CPUs: 8 total, 1 available
 Memory: 1024M
 Large Page Support: Disabled
 NUMA Support: Disabled
 Compressed Oops: Enabled (32-bit)
 Alignments: Space 512K, Generation 512K, Heap 2M
 Heap Min Capacity: 100M
 Heap Initial Capacity: 100M
 Heap Max Capacity: 512M
 Pre-touch: Disabled
 Parallel Workers: 1

Heap:
 PSYoungGen      total 26624K, used 15871K [0x00000000f5580000, 0x00000000f7d00000, 0x0000000100000000)
  eden space 15872K, 99% used [0x00000000f5580000,0x00000000f64ffff8,0x00000000f6500000)
  from space 10752K, 0% used [0x00000000f7280000,0x00000000f7280000,0x00000000f7d00000)
  to   space 7168K, 0% used [0x00000000f6500000,0x00000000f6500000,0x00000000f6c00000)
 ParOldGen       total 349696K, used 349695K [0x00000000e0000000, 0x00000000f5580000, 0x00000000f5580000)
  object space 349696K, 99% used [0x00000000e0000000,0x00000000f557ffe8,0x00000000f5580000)
 Metaspace       used 50859K, committed 51840K, reserved 1097728K
  class space    used 5174K, committed 5632K, reserved 1048576K

Card table byte_map: [0x00007f2404637000,0x00007f2404738000] _byte_map_base: 0x00007f2403f37000

Marking Bits: (ParMarkBitMap*) 0x00007f2405d874c0
 Begin Bits: [0x00007f23e64b3000, 0x00007f23e6cb3000)
 End Bits:   [0x00007f23e6cb3000, 0x00007f23e74b3000)

Polling page: 0x00007f2404951000

Metaspace:

Usage:
  Non-class:     44.61 MB used.
      Class:      5.05 MB used.
       Both:     49.67 MB used.

Virtual space:
  Non-class space:       48.00 MB reserved,      45.12 MB ( 94%) committed,  6 nodes.
      Class space:        1.00 GB reserved,       5.50 MB ( <1%) committed,  1 nodes.
             Both:        1.05 GB reserved,      50.62 MB (  5%) committed. 

Chunk freelists:
   Non-Class:  2.11 MB
       Class:  2.59 MB
        Both:  4.70 MB

MaxMetaspaceSize: unlimited
CompressedClassSpaceSize: 1.00 GB
Initial GC threshold: 21.00 MB
Current GC threshold: 84.31 MB
CDS: on
MetaspaceReclaimPolicy: balanced
 - commit_granule_bytes: 65536.
 - commit_granule_words: 8192.
 - virtual_space_node_default_size: 1048576.
 - enlarge_chunks_in_place: 1.
 - new_chunks_are_fully_committed: 0.
 - uncommit_free_chunks: 1.
 - use_allocation_guard: 0.
 - handle_deallocations: 1.


Internal statistics:

num_allocs_failed_limit: 6.
num_arena_births: 492.
num_arena_deaths: 160.
num_vsnodes_births: 7.
num_vsnodes_deaths: 0.
num_space_committed: 811.
num_space_uncommitted: 1.
num_chunks_returned_to_freelist: 226.
num_chunks_taken_from_freelist: 2509.
num_chunk_merges: 88.
num_chunk_splits: 1572.
num_chunks_enlarged: 970.
num_purges: 6.
num_inconsistent_stats: 0.

CodeHeap 'non-profiled nmethods': size=120036Kb used=2777Kb max_used=2777Kb free=117258Kb
 bounds [0x00007f23eef7a000, 0x00007f23ef23a000, 0x00007f23f64b3000]
CodeHeap 'profiled nmethods': size=120032Kb used=14286Kb max_used=14286Kb free=105746Kb
 bounds [0x00007f23e7a42000, 0x00007f23e8842000, 0x00007f23eef7a000]
CodeHeap 'non-nmethods': size=5692Kb used=1362Kb max_used=1366Kb free=4329Kb
 bounds [0x00007f23e74b3000, 0x00007f23e7723000, 0x00007f23e7a42000]
 total_blobs=7605 nmethods=6915 adapters=583
 compilation: enabled
              stopped_count=0, restarted_count=0
 full_count=0

JVMCI Events (20 events):
Event: 1414.648 Thread 0x00007f24000b21d0 compacted oop handles in JVMCI runtime 0 from 43 to 43
Event: 1414.648 Thread 0x00007f24000b21d0 releasing handles for JVMCI runtime 0: oop handles=43, metadata handles={total=86, live=75, blocks=57}
Event: 1414.648 Thread 0x00007f24000b21d0 detached from JVMCI runtime 0
Event: 1539.347 Thread 0x00007f24000b21d0 attached to JVMCI runtime 0
Event: 1539.349 Thread 0x00007f24000b21d0 created JavaVM[10]@0x00007f23aa59e340 for JVMCI runtime 0
Event: 1540.367 Thread 0x00007f24000b21d0 initializing JVMCI runtime 0
Event: 1540.367 Thread 0x00007f24000b21d0 done waiting for JavaVM references initialization in JVMCI runtime 0
Event: 1547.369 Thread 0x00007f24000b21d0 initialized JVMCI runtime 0
Event: 1570.861 Thread 0x00007f24000b21d0 compacted oop handles in JVMCI runtime 0 from 43 to 41
Event: 1571.882 Thread 0x00007f24000b21d0 detaching from JVMCI runtime 0: releasing idle compiler thread (0 other threads still attached)
Event: 1571.882 Thread 0x00007f24000b21d0 shutting down HotSpotJVMCIRuntime for JVMCI runtime 0
Event: 1571.882 Thread 0x00007f24000b21d0 shut down JVMCI runtime 0
Event: 1571.883 Thread 0x00007f24000b21d0 destroyed JavaVM[10]@0x00007f23aa59e340 for JVMCI runtime 0
Event: 1571.883 Thread 0x00007f24000b21d0 compacted oop handles in JVMCI runtime 0 from 41 to 41
Event: 1571.883 Thread 0x00007f24000b21d0 releasing handles for JVMCI runtime 0: oop handles=41, metadata handles={total=86, live=75, blocks=57}
Event: 1571.883 Thread 0x00007f24000b21d0 detached from JVMCI runtime 0
Event: 1697.684 Thread 0x00007f24000b21d0 attached to JVMCI runtime 0
Event: 1697.695 Thread 0x00007f24000b21d0 created JavaVM[11]@0x00007f23aa59e340 for JVMCI runtime 0
Event: 1697.695 Thread 0x00007f24000b21d0 initializing JVMCI runtime 0
Event: 1697.695 Thread 0x00007f24000b21d0 done waiting for JavaVM references initialization in JVMCI runtime 0

Compilation events (20 events):
Event: 1424.071 Thread 0x00007f24000b36e0 nmethod 8157 0x00007f23e882f490 code [0x00007f23e882f640, 0x00007f23e882f7a0]
Event: 1429.254 Thread 0x00007f24000b36e0 8159       3       com.google.gson.internal.bind.ReflectiveTypeAdapterFactory::createBoundField (100 bytes)
Event: 1430.198 Thread 0x00007f24000b36e0 nmethod 8159 0x00007f23e882f890 code [0x00007f23e882fb00, 0x00007f23e8830d20]
Event: 1430.198 Thread 0x00007f24000b36e0 8161   !   3       java.util.concurrent.locks.AbstractQueuedSynchronizer::acquire (407 bytes)
Event: 1430.199 Thread 0x00007f24000b36e0 nmethod 8161 0x00007f23e8831110 code [0x00007f23e8831480, 0x00007f23e88332a0]
Event: 1466.066 Thread 0x00007f24000b36e0 8162       3       com.google.gson.FieldNamingPolicy$1::translateName (5 bytes)
Event: 1466.067 Thread 0x00007f24000b36e0 nmethod 8162 0x00007f23e8833b90 code [0x00007f23e8833d20, 0x00007f23e8833e50]
Event: 1466.067 Thread 0x00007f24000b36e0 8163       3       com.google.gson.internal.bind.ReflectiveTypeAdapterFactory$BoundField::<init> (20 bytes)
Event: 1466.067 Thread 0x00007f24000b36e0 nmethod 8163 0x00007f23e8833f10 code [0x00007f23e88340c0, 0x00007f23e8834250]
Event: 1470.897 Thread 0x00007f24000b36e0 8164       1       org.eclipse.osgi.internal.location.BasicLocation::isReadOnly (5 bytes)
Event: 1470.897 Thread 0x00007f24000b36e0 nmethod 8164 0x00007f23ef22f890 code [0x00007f23ef22fa20, 0x00007f23ef22faf0]
Event: 1539.347 Thread 0x00007f24000b21d0 8166       4       java.lang.Integer::stringSize (47 bytes)
Event: 1551.988 Thread 0x00007f24000b36e0 8168       1       org.eclipse.jdt.ls.core.internal.LanguageServer::getParentProcessId (5 bytes)
Event: 1553.055 Thread 0x00007f24000b36e0 nmethod 8168 0x00007f23ef22fb90 code [0x00007f23ef22fd20, 0x00007f23ef22fdf0]
Event: 1569.677 Thread 0x00007f24000b21d0 nmethod 8166 0x00007f23ef22fe90 code [0x00007f23ef230000, 0x00007f23ef2300f0]
Event: 1569.677 Thread 0x00007f24000b21d0 8167       4       java.lang.Integer::getChars (131 bytes)
Event: 1570.861 Thread 0x00007f24000b21d0 nmethod 8167 0x00007f23ef230190 code [0x00007f23ef230320, 0x00007f23ef2305c8]
Event: 1697.684 Thread 0x00007f24000b21d0 8170       4       java.util.Objects::equals (23 bytes)
Event: 1697.684 Thread 0x00007f24000b36e0 8169       3       java.lang.StackTraceElement::equals (120 bytes)
Event: 1697.694 Thread 0x00007f24000b36e0 nmethod 8169 0x00007f23e8834310 code [0x00007f23e8834580, 0x00007f23e8835510]

GC Heap History (20 events):
Event: 1701.552 GC heap before
{Heap before GC invocations=1592 (full 1472):
 PSYoungGen      total 26624K, used 15871K [0x00000000f5580000, 0x00000000f7d00000, 0x0000000100000000)
  eden space 15872K, 99% used [0x00000000f5580000,0x00000000f64ffff8,0x00000000f6500000)
  from space 10752K, 0% used [0x00000000f7280000,0x00000000f7280000,0x00000000f7d00000)
  to   space 7168K, 0% used [0x00000000f6500000,0x00000000f6500000,0x00000000f6c00000)
 ParOldGen       total 349696K, used 349690K [0x00000000e0000000, 0x00000000f5580000, 0x00000000f5580000)
  object space 349696K, 99% used [0x00000000e0000000,0x00000000f557e900,0x00000000f5580000)
 Metaspace       used 50859K, committed 51840K, reserved 1097728K
  class space    used 5174K, committed 5632K, reserved 1048576K
}
Event: 1702.792 GC heap after
{Heap after GC invocations=1592 (full 1472):
 PSYoungGen      total 23040K, used 15871K [0x00000000f5580000, 0x00000000f7d00000, 0x0000000100000000)
  eden space 15872K, 99% used [0x00000000f5580000,0x00000000f64ffff8,0x00000000f6500000)
  from space 7168K, 0% used [0x00000000f6500000,0x00000000f6500000,0x00000000f6c00000)
  to   space 10752K, 0% used [0x00000000f7280000,0x00000000f7280000,0x00000000f7d00000)
 ParOldGen       total 349696K, used 349690K [0x00000000e0000000, 0x00000000f5580000, 0x00000000f5580000)
  object space 349696K, 99% used [0x00000000e0000000,0x00000000f557e900,0x00000000f5580000)
 Metaspace       used 50859K, committed 51840K, reserved 1097728K
  class space    used 5174K, committed 5632K, reserved 1048576K
}
Event: 1702.792 GC heap before
{Heap before GC invocations=1593 (full 1473):
 PSYoungGen      total 23040K, used 15871K [0x00000000f5580000, 0x00000000f7d00000, 0x0000000100000000)
  eden space 15872K, 99% used [0x00000000f5580000,0x00000000f64ffff8,0x00000000f6500000)
  from space 7168K, 0% used [0x00000000f6500000,0x00000000f6500000,0x00000000f6c00000)
  to   space 10752K, 0% used [0x00000000f7280000,0x00000000f7280000,0x00000000f7d00000)
 ParOldGen       total 349696K, used 349693K [0x00000000e0000000, 0x00000000f5580000, 0x00000000f5580000)
  object space 349696K, 99% used [0x00000000e0000000,0x00000000f557f418,0x00000000f5580000)
 Metaspace       used 50859K, committed 51840K, reserved 1097728K
  class space    used 5174K, committed 5632K, reserved 1048576K
}
Event: 1703.881 GC heap after
{Heap after GC invocations=1593 (full 1473):
 PSYoungGen      total 26624K, used 15871K [0x00000000f5580000, 0x00000000f7d00000, 0x0000000100000000)
  eden space 15872K, 99% used [0x00000000f5580000,0x00000000f64fffe0,0x00000000f6500000)
  from space 10752K, 0% used [0x00000000f7280000,0x00000000f7280000,0x00000000f7d00000)
  to   space 7168K, 0% used [0x00000000f6500000,0x00000000f6500000,0x00000000f6c00000)
 ParOldGen       total 349696K, used 349692K [0x00000000e0000000, 0x00000000f5580000, 0x00000000f5580000)
  object space 349696K, 99% used [0x00000000e0000000,0x00000000f557f0c8,0x00000000f5580000)
 Metaspace       used 50859K, committed 51840K, reserved 1097728K
  class space    used 5174K, committed 5632K, reserved 1048576K
}
Event: 1703.882 GC heap before
{Heap before GC invocations=1594 (full 1474):
 PSYoungGen      total 26624K, used 15871K [0x00000000f5580000, 0x00000000f7d00000, 0x0000000100000000)
  eden space 15872K, 99% used [0x00000000f5580000,0x00000000f64ffff8,0x00000000f6500000)
  from space 10752K, 0% used [0x00000000f7280000,0x00000000f7280000,0x00000000f7d00000)
  to   space 7168K, 0% used [0x00000000f6500000,0x00000000f6500000,0x00000000f6c00000)
 ParOldGen       total 349696K, used 349692K [0x00000000e0000000, 0x00000000f5580000, 0x00000000f5580000)
  object space 349696K, 99% used [0x00000000e0000000,0x00000000f557f0c8,0x00000000f5580000)
 Metaspace       used 50859K, committed 51840K, reserved 1097728K
  class space    used 5174K, committed 5632K, reserved 1048576K
}
Event: 1705.156 GC heap after
{Heap after GC invocations=1594 (full 1474):
 PSYoungGen      total 23040K, used 15871K [0x00000000f5580000, 0x00000000f7d00000, 0x0000000100000000)
  eden space 15872K, 99% used [0x00000000f5580000,0x00000000f64ffff8,0x00000000f6500000)
  from space 7168K, 0% used [0x00000000f6500000,0x00000000f6500000,0x00000000f6c00000)
  to   space 10752K, 0% used [0x00000000f7280000,0x00000000f7280000,0x00000000f7d00000)
 ParOldGen       total 349696K, used 349692K [0x00000000e0000000, 0x00000000f5580000, 0x00000000f5580000)
  object space 349696K, 99% used [0x00000000e0000000,0x00000000f557f0c8,0x00000000f5580000)
 Metaspace       used 50859K, committed 51840K, reserved 1097728K
  class space    used 5174K, committed 5632K, reserved 1048576K
}
Event: 1705.157 GC heap before
{Heap before GC invocations=1595 (full 1475):
 PSYoungGen      total 23040K, used 15871K [0x00000000f5580000, 0x00000000f7d00000, 0x0000000100000000)
  eden space 15872K, 99% used [0x00000000f5580000,0x00000000f64ffff8,0x00000000f6500000)
  from space 7168K, 0% used [0x00000000f6500000,0x00000000f6500000,0x00000000f6c00000)
  to   space 10752K, 0% used [0x00000000f7280000,0x00000000f7280000,0x00000000f7d00000)
 ParOldGen       total 349696K, used 349694K [0x00000000e0000000, 0x00000000f5580000, 0x00000000f5580000)
  object space 349696K, 99% used [0x00000000e0000000,0x00000000f557f8e8,0x00000000f5580000)
 Metaspace       used 50859K, committed 51840K, reserved 1097728K
  class space    used 5174K, committed 5632K, reserved 1048576K
}
Event: 1706.280 GC heap after
{Heap after GC invocations=1595 (full 1475):
 PSYoungGen      total 26624K, used 15871K [0x00000000f5580000, 0x00000000f7d00000, 0x0000000100000000)
  eden space 15872K, 99% used [0x00000000f5580000,0x00000000f64ffff8,0x00000000f6500000)
  from space 10752K, 0% used [0x00000000f7280000,0x00000000f7280000,0x00000000f7d00000)
  to   space 7168K, 0% used [0x00000000f6500000,0x00000000f6500000,0x00000000f6c00000)
 ParOldGen       total 349696K, used 349694K [0x00000000e0000000, 0x00000000f5580000, 0x00000000f5580000)
  object space 349696K, 99% used [0x00000000e0000000,0x00000000f557f820,0x00000000f5580000)
 Metaspace       used 50859K, committed 51840K, reserved 1097728K
  class space    used 5174K, committed 5632K, reserved 1048576K
}
Event: 1706.280 GC heap before
{Heap before GC invocations=1596 (full 1476):
 PSYoungGen      total 26624K, used 15871K [0x00000000f5580000, 0x00000000f7d00000, 0x0000000100000000)
  eden space 15872K, 99% used [0x00000000f5580000,0x00000000f64ffff8,0x00000000f6500000)
  from space 10752K, 0% used [0x00000000f7280000,0x00000000f7280000,0x00000000f7d00000)
  to   space 7168K, 0% used [0x00000000f6500000,0x00000000f6500000,0x00000000f6c00000)
 ParOldGen       total 349696K, used 349695K [0x00000000e0000000, 0x00000000f5580000, 0x00000000f5580000)
  object space 349696K, 99% used [0x00000000e0000000,0x00000000f557fff8,0x00000000f5580000)
 Metaspace       used 50859K, committed 51840K, reserved 1097728K
  class space    used 5174K, committed 5632K, reserved 1048576K
}
Event: 1707.360 GC heap after
{Heap after GC invocations=1596 (full 1476):
 PSYoungGen      total 23040K, used 15871K [0x00000000f5580000, 0x00000000f7d00000, 0x0000000100000000)
  eden space 15872K, 99% used [0x00000000f5580000,0x00000000f64ffff8,0x00000000f6500000)
  from space 7168K, 0% used [0x00000000f6500000,0x00000000f6500000,0x00000000f6c00000)
  to   space 10752K, 0% used [0x00000000f7280000,0x00000000f7280000,0x00000000f7d00000)
 ParOldGen       total 349696K, used 349694K [0x00000000e0000000, 0x00000000f5580000, 0x00000000f5580000)
  object space 349696K, 99% used [0x00000000e0000000,0x00000000f557f840,0x00000000f5580000)
 Metaspace       used 50859K, committed 51840K, reserved 1097728K
  class space    used 5174K, committed 5632K, reserved 1048576K
}
Event: 1707.361 GC heap before
{Heap before GC invocations=1597 (full 1477):
 PSYoungGen      total 23040K, used 15871K [0x00000000f5580000, 0x00000000f7d00000, 0x0000000100000000)
  eden space 15872K, 99% used [0x00000000f5580000,0x00000000f64ffff8,0x00000000f6500000)
  from space 7168K, 0% used [0x00000000f6500000,0x00000000f6500000,0x00000000f6c00000)
  to   space 10752K, 0% used [0x00000000f7280000,0x00000000f7280000,0x00000000f7d00000)
 ParOldGen       total 349696K, used 349694K [0x00000000e0000000, 0x00000000f5580000, 0x00000000f5580000)
  object space 349696K, 99% used [0x00000000e0000000,0x00000000f557fa18,0x00000000f5580000)
 Metaspace       used 50859K, committed 51840K, reserved 1097728K
  class space    used 5174K, committed 5632K, reserved 1048576K
}
Event: 1708.374 GC heap after
{Heap after GC invocations=1597 (full 1477):
 PSYoungGen      total 26624K, used 15871K [0x00000000f5580000, 0x00000000f7d00000, 0x0000000100000000)
  eden space 15872K, 99% used [0x00000000f5580000,0x00000000f64ffff8,0x00000000f6500000)
  from space 10752K, 0% used [0x00000000f7280000,0x00000000f7280000,0x00000000f7d00000)
  to   space 7168K, 0% used [0x00000000f6500000,0x00000000f6500000,0x00000000f6c00000)
 ParOldGen       total 349696K, used 349694K [0x00000000e0000000, 0x00000000f5580000, 0x00000000f5580000)
  object space 349696K, 99% used [0x00000000e0000000,0x00000000f557f820,0x00000000f5580000)
 Metaspace       used 50859K, committed 51840K, reserved 1097728K
  class space    used 5174K, committed 5632K, reserved 1048576K
}
Event: 1708.375 GC heap before
{Heap before GC invocations=1598 (full 1478):
 PSYoungGen      total 26624K, used 15871K [0x00000000f5580000, 0x00000000f7d00000, 0x0000000100000000)
  eden space 15872K, 99% used [0x00000000f5580000,0x00000000f64ffff8,0x00000000f6500000)
  from space 10752K, 0% used [0x00000000f7280000,0x00000000f7280000,0x00000000f7d00000)
  to   space 7168K, 0% used [0x00000000f6500000,0x00000000f6500000,0x00000000f6c00000)
 ParOldGen       total 349696K, used 349695K [0x00000000e0000000, 0x00000000f5580000, 0x00000000f5580000)
  object space 349696K, 99% used [0x00000000e0000000,0x00000000f557fff8,0x00000000f5580000)
 Metaspace       used 50859K, committed 51840K, reserved 1097728K
  class space    used 5174K, committed 5632K, reserved 1048576K
}
Event: 1709.605 GC heap after
{Heap after GC invocations=1598 (full 1478):
 PSYoungGen      total 23040K, used 15871K [0x00000000f5580000, 0x00000000f7d00000, 0x0000000100000000)
  eden space 15872K, 99% used [0x00000000f5580000,0x00000000f64ffff8,0x00000000f6500000)
  from space 7168K, 0% used [0x00000000f6500000,0x00000000f6500000,0x00000000f6c00000)
  to   space 10752K, 0% used [0x00000000f7280000,0x00000000f7280000,0x00000000f7d00000)
 ParOldGen       total 349696K, used 349693K [0x00000000e0000000, 0x00000000f5580000, 0x00000000f5580000)
  object space 349696K, 99% used [0x00000000e0000000,0x00000000f557f7a0,0x00000000f5580000)
 Metaspace       used 50859K, committed 51840K, reserved 1097728K
  class space    used 5174K, committed 5632K, reserved 1048576K
}
Event: 1709.605 GC heap before
{Heap before GC invocations=1599 (full 1479):
 PSYoungGen      total 23040K, used 15871K [0x00000000f5580000, 0x00000000f7d00000, 0x0000000100000000)
  eden space 15872K, 99% used [0x00000000f5580000,0x00000000f64ffff8,0x00000000f6500000)
  from space 7168K, 0% used [0x00000000f6500000,0x00000000f6500000,0x00000000f6c00000)
  to   space 10752K, 0% used [0x00000000f7280000,0x00000000f7280000,0x00000000f7d00000)
 ParOldGen       total 349696K, used 349694K [0x00000000e0000000, 0x00000000f5580000, 0x00000000f5580000)
  object space 349696K, 99% used [0x00000000e0000000,0x00000000f557fa10,0x00000000f5580000)
 Metaspace       used 50859K, committed 51840K, reserved 1097728K
  class space    used 5174K, committed 5632K, reserved 1048576K
}
Event: 1710.809 GC heap after
{Heap after GC invocations=1599 (full 1479):
 PSYoungGen      total 26624K, used 15871K [0x00000000f5580000, 0x00000000f7d00000, 0x0000000100000000)
  eden space 15872K, 99% used [0x00000000f5580000,0x00000000f64ffff8,0x00000000f6500000)
  from space 10752K, 0% used [0x00000000f7280000,0x00000000f7280000,0x00000000f7d00000)
  to   space 7168K, 0% used [0x00000000f6500000,0x00000000f6500000,0x00000000f6c00000)
 ParOldGen       total 349696K, used 349693K [0x00000000e0000000, 0x00000000f5580000, 0x00000000f5580000)
  object space 349696K, 99% used [0x00000000e0000000,0x00000000f557f7a0,0x00000000f5580000)
 Metaspace       used 50859K, committed 51840K, reserved 1097728K
  class space    used 5174K, committed 5632K, reserved 1048576K
}
Event: 1710.810 GC heap before
{Heap before GC invocations=1600 (full 1480):
 PSYoungGen      total 26624K, used 15871K [0x00000000f5580000, 0x00000000f7d00000, 0x0000000100000000)
  eden space 15872K, 99% used [0x00000000f5580000,0x00000000f64ffff8,0x00000000f6500000)
  from space 10752K, 0% used [0x00000000f7280000,0x00000000f7280000,0x00000000f7d00000)
  to   space 7168K, 0% used [0x00000000f6500000,0x00000000f6500000,0x00000000f6c00000)
 ParOldGen       total 349696K, used 349694K [0x00000000e0000000, 0x00000000f5580000, 0x00000000f5580000)
  object space 349696K, 99% used [0x00000000e0000000,0x00000000f557f858,0x00000000f5580000)
 Metaspace       used 50859K, committed 51840K, reserved 1097728K
  class space    used 5174K, committed 5632K, reserved 1048576K
}
Event: 1712.064 GC heap after
{Heap after GC invocations=1600 (full 1480):
 PSYoungGen      total 23040K, used 15871K [0x00000000f5580000, 0x00000000f7d00000, 0x0000000100000000)
  eden space 15872K, 99% used [0x00000000f5580000,0x00000000f64ffff8,0x00000000f6500000)
  from space 7168K, 0% used [0x00000000f6500000,0x00000000f6500000,0x00000000f6c00000)
  to   space 10752K, 0% used [0x00000000f7280000,0x00000000f7280000,0x00000000f7d00000)
 ParOldGen       total 349696K, used 349693K [0x00000000e0000000, 0x00000000f5580000, 0x00000000f5580000)
  object space 349696K, 99% used [0x00000000e0000000,0x00000000f557f7b8,0x00000000f5580000)
 Metaspace       used 50859K, committed 51840K, reserved 1097728K
  class space    used 5174K, committed 5632K, reserved 1048576K
}
Event: 1712.064 GC heap before
{Heap before GC invocations=1601 (full 1481):
 PSYoungGen      total 23040K, used 15871K [0x00000000f5580000, 0x00000000f7d00000, 0x0000000100000000)
  eden space 15872K, 99% used [0x00000000f5580000,0x00000000f64ffff8,0x00000000f6500000)
  from space 7168K, 0% used [0x00000000f6500000,0x00000000f6500000,0x00000000f6c00000)
  to   space 10752K, 0% used [0x00000000f7280000,0x00000000f7280000,0x00000000f7d00000)
 ParOldGen       total 349696K, used 349693K [0x00000000e0000000, 0x00000000f5580000, 0x00000000f5580000)
  object space 349696K, 99% used [0x00000000e0000000,0x00000000f557f7b8,0x00000000f5580000)
 Metaspace       used 50859K, committed 51840K, reserved 1097728K
  class space    used 5174K, committed 5632K, reserved 1048576K
}
Event: 1713.248 GC heap after
{Heap after GC invocations=1601 (full 1481):
 PSYoungGen      total 26624K, used 15871K [0x00000000f5580000, 0x00000000f7d00000, 0x0000000100000000)
  eden space 15872K, 99% used [0x00000000f5580000,0x00000000f64ffff8,0x00000000f6500000)
  from space 10752K, 0% used [0x00000000f7280000,0x00000000f7280000,0x00000000f7d00000)
  to   space 7168K, 0% used [0x00000000f6500000,0x00000000f6500000,0x00000000f6c00000)
 ParOldGen       total 349696K, used 349693K [0x00000000e0000000, 0x00000000f5580000, 0x00000000f5580000)
  object space 349696K, 99% used [0x00000000e0000000,0x00000000f557f7b8,0x00000000f5580000)
 Metaspace       used 50859K, committed 51840K, reserved 1097728K
  class space    used 5174K, committed 5632K, reserved 1048576K
}

Dll operation events (9 events):
Event: 0.002 Loaded shared library /nix/store/gpxl5qgg8kicmcvivwmybwjlpf7wh20l-graalvm17-ce-22.3.0/lib/libjava.so
Event: 0.006 Loaded shared library /nix/store/gpxl5qgg8kicmcvivwmybwjlpf7wh20l-graalvm17-ce-22.3.0/lib/libjsvml.so
Event: 0.169 Loaded shared library /nix/store/gpxl5qgg8kicmcvivwmybwjlpf7wh20l-graalvm17-ce-22.3.0/lib/libnio.so
Event: 0.171 Loaded shared library /nix/store/gpxl5qgg8kicmcvivwmybwjlpf7wh20l-graalvm17-ce-22.3.0/lib/libjvmcicompiler.so
Event: 0.247 Loaded shared library /nix/store/gpxl5qgg8kicmcvivwmybwjlpf7wh20l-graalvm17-ce-22.3.0/lib/libzip.so
Event: 0.654 Loaded shared library /nix/store/gpxl5qgg8kicmcvivwmybwjlpf7wh20l-graalvm17-ce-22.3.0/lib/libjimage.so
Event: 1.260 Loaded shared library /nix/store/gpxl5qgg8kicmcvivwmybwjlpf7wh20l-graalvm17-ce-22.3.0/lib/libnet.so
Event: 4.980 Loaded shared library /home/runner/.cache/jdt-language-server/config/org.eclipse.equinox.launcher/org.eclipse.equinox.launcher.gtk.linux.x86_64_1.2.400.v20211117-0650/eclipse_11600.so
Event: 12.652 Loaded shared library /nix/store/gpxl5qgg8kicmcvivwmybwjlpf7wh20l-graalvm17-ce-22.3.0/lib/libextnet.so

Deoptimization events (20 events):
Event: 58.977 Thread 0x00007f239447df40 DEOPT PACKING pc=0x00007f23e87dc3dd sp=0x00007f23abffe530
Event: 58.977 Thread 0x00007f239447df40 DEOPT UNPACKING pc=0x00007f23e7505325 sp=0x00007f23abffda20 mode 0
Event: 59.051 Thread 0x00007f239447df40 DEOPT PACKING pc=0x00007f23e87dc3dd sp=0x00007f23abffe530
Event: 59.051 Thread 0x00007f239447df40 DEOPT UNPACKING pc=0x00007f23e7505325 sp=0x00007f23abffda20 mode 0
Event: 130.870 Thread 0x00007f2400624fa0 Uncommon trap: trap_request=0xffffffed fr.pc=0x00007f23ef08a508 relative=0x0000000000000608
Event: 130.870 Thread 0x00007f2400624fa0 Uncommon trap: reason=null_assert_or_unreached0 action=reinterpret pc=0x00007f23ef08a508 method=com.google.gson.stream.JsonReader.nextQuotedValue(C)Ljava/lang/String; @ 23 jvmci
Event: 130.870 Thread 0x00007f2400624fa0 DEOPT PACKING pc=0x00007f23ef08a508 sp=0x00007f23ab7fde00
Event: 130.870 Thread 0x00007f2400624fa0 DEOPT UNPACKING pc=0x00007f23e7505325 sp=0x00007f23ab7fd288 mode 3
Event: 574.352 Thread 0x00007f24000b21d0 DEOPT PACKING pc=0x00007f23e7a7730a sp=0x00007f23e4e45f50
Event: 574.352 Thread 0x00007f24000b21d0 DEOPT UNPACKING pc=0x00007f23e7505325 sp=0x00007f23e4e45478 mode 0
Event: 847.254 Thread 0x00007f2400624fa0 DEOPT PACKING pc=0x00007f23e85a3cc0 sp=0x00007f23ab7fc8c0
Event: 847.254 Thread 0x00007f2400624fa0 DEOPT UNPACKING pc=0x00007f23e7505325 sp=0x00007f23ab7fbdf8 mode 0
Event: 1638.874 Thread 0x00007f2400624fa0 Uncommon trap: trap_request=0xffffff8f fr.pc=0x00007f23eefa554d relative=0x000000000000066d
Event: 1638.874 Thread 0x00007f2400624fa0 Uncommon trap: reason=constraint action=none pc=0x00007f23eefa554d method=java.util.HashMap.resize()[Ljava/util/HashMap$Node; @ 131 jvmci
Event: 1638.874 Thread 0x00007f2400624fa0 DEOPT PACKING pc=0x00007f23eefa554d sp=0x00007f23ab7fc9b0
Event: 1638.874 Thread 0x00007f2400624fa0 DEOPT UNPACKING pc=0x00007f23e7505325 sp=0x00007f23ab7fbe08 mode 3
Event: 1641.358 Thread 0x00007f2400624fa0 DEOPT PACKING pc=0x00007f23ef2293f8 sp=0x00007f23ab7fc9f0
Event: 1641.358 Thread 0x00007f2400624fa0 DEOPT UNPACKING pc=0x00007f23e7505325 sp=0x00007f23ab7fbe90 mode 1
Event: 1641.358 Thread 0x00007f2400624fa0 DEOPT PACKING pc=0x00007f23eefad0c4 sp=0x00007f23ab7fca70
Event: 1641.358 Thread 0x00007f2400624fa0 DEOPT UNPACKING pc=0x00007f23e7505325 sp=0x00007f23ab7fbf58 mode 1

Classes unloaded (20 events):
Event: 164.662 Thread 0x00007f24000a1c10 Unloading class 0x0000000800ee0000 'jdk/internal/reflect/GeneratedConstructorAccessor8'
Event: 164.662 Thread 0x00007f24000a1c10 Unloading class 0x0000000800d99000 'java/lang/invoke/LambdaForm$MH+0x0000000800d99000'
Event: 164.662 Thread 0x00007f24000a1c10 Unloading class 0x0000000800d98c00 'java/lang/invoke/LambdaForm$MH+0x0000000800d98c00'
Event: 164.662 Thread 0x00007f24000a1c10 Unloading class 0x0000000800d98800 'java/lang/invoke/LambdaForm$MH+0x0000000800d98800'
Event: 164.662 Thread 0x00007f24000a1c10 Unloading class 0x0000000800d98400 'java/lang/invoke/LambdaForm$MH+0x0000000800d98400'
Event: 164.662 Thread 0x00007f24000a1c10 Unloading class 0x0000000800d98000 'jdk/internal/reflect/GeneratedConstructorAccessor3'
Event: 164.662 Thread 0x00007f24000a1c10 Unloading class 0x0000000800d06800 'java/lang/invoke/LambdaForm$MH+0x0000000800d06800'
Event: 164.662 Thread 0x00007f24000a1c10 Unloading class 0x0000000800d06000 'java/lang/invoke/LambdaForm$MH+0x0000000800d06000'
Event: 164.662 Thread 0x00007f24000a1c10 Unloading class 0x0000000800d05c00 'java/lang/invoke/LambdaForm$MH+0x0000000800d05c00'
Event: 164.662 Thread 0x00007f24000a1c10 Unloading class 0x0000000800d05800 'java/lang/invoke/LambdaForm$MH+0x0000000800d05800'
Event: 164.662 Thread 0x00007f24000a1c10 Unloading class 0x0000000800d05000 'java/lang/invoke/LambdaForm$MH+0x0000000800d05000'
Event: 164.662 Thread 0x00007f24000a1c10 Unloading class 0x0000000800d04c00 'java/lang/invoke/LambdaForm$MH+0x0000000800d04c00'
Event: 164.662 Thread 0x00007f24000a1c10 Unloading class 0x0000000800d04800 'java/lang/invoke/LambdaForm$MH+0x0000000800d04800'
Event: 164.662 Thread 0x00007f24000a1c10 Unloading class 0x0000000800d04000 'java/lang/invoke/LambdaForm$MH+0x0000000800d04000'
Event: 323.158 Thread 0x00007f24000a1c10 Unloading class 0x0000000800ee0800 'java/lang/invoke/LambdaForm$MH+0x0000000800ee0800'
Event: 323.158 Thread 0x00007f24000a1c10 Unloading class 0x0000000800ee1000 'java/lang/invoke/LambdaForm$MH+0x0000000800ee1000'
Event: 323.158 Thread 0x00007f24000a1c10 Unloading class 0x000000080110c000 'java/lang/invoke/LambdaForm$MH+0x000000080110c000'
Event: 323.158 Thread 0x00007f24000a1c10 Unloading class 0x0000000801119400 'java/lang/invoke/LambdaForm$MH+0x0000000801119400'
Event: 323.158 Thread 0x00007f24000a1c10 Unloading class 0x000000080111c000 'java/lang/invoke/LambdaForm$MH+0x000000080111c000'
Event: 323.158 Thread 0x00007f24000a1c10 Unloading class 0x0000000801132c00 'java/lang/invoke/LambdaForm$MH+0x0000000801132c00'

Classes redefined (0 events):
No events

Internal exceptions (20 events):
Event: 37.168 Thread 0x00007f23840010d0 Exception <a 'java/lang/NoSuchMethodError'{0x00000000f5c88b68}: 'java.lang.Object java.lang.invoke.DirectMethodHandle$Holder.invokeStatic(java.lang.Object, java.lang.Object, java.lang.Object, long)'> (0x00000000f5c88b68) 
thrown [src/hotspot/share/interpreter/linkResolver.cpp, line 758]
Event: 37.169 Thread 0x00007f23840010d0 Exception <a 'java/lang/NoSuchMethodError'{0x00000000f5cc1d10}: 'java.lang.Object java.lang.invoke.DirectMethodHandle$Holder.newInvokeSpecial(java.lang.Object, java.lang.Object, java.lang.Object, long)'> (0x00000000f5cc1d10) 
thrown [src/hotspot/share/interpreter/linkResolver.cpp, line 758]
Event: 37.169 Thread 0x00007f23840010d0 Exception <a 'java/lang/NoSuchMethodError'{0x00000000f5cc69d0}: 'java.lang.Object java.lang.invoke.DirectMethodHandle$Holder.invokeSpecial(java.lang.Object, java.lang.Object, java.lang.Object, java.lang.Object, long)'> (0x00000000f5cc69d0) 
thrown [src/hotspot/share/interpreter/linkResolver.cpp, line 758]
Event: 37.170 Thread 0x00007f23840010d0 Exception <a 'java/lang/NoSuchMethodError'{0x00000000f5cca758}: 'java.lang.Object java.lang.invoke.Invokers$Holder.linkToTargetMethod(java.lang.Object, java.lang.Object, long, java.lang.Object)'> (0x00000000f5cca758) 
thrown [src/hotspot/share/interpreter/linkResolver.cpp, line 758]
Event: 37.248 Thread 0x00007f23840010d0 Exception <a 'java/io/FileNotFoundException'{0x00000000f5e3cfb8}> (0x00000000f5e3cfb8) 
thrown [src/hotspot/share/prims/jni.cpp, line 516]
Event: 37.257 Thread 0x00007f23840010d0 Exception <a 'java/lang/NoSuchMethodError'{0x00000000f5f04260}: 'java.lang.Object java.lang.invoke.DirectMethodHandle$Holder.newInvokeSpecial(java.lang.Object, java.lang.Object, int, java.lang.Object, java.lang.Object)'> (0x00000000f5f04260) 
thrown [src/hotspot/share/interpreter/linkResolver.cpp, line 758]
Event: 37.257 Thread 0x00007f23840010d0 Exception <a 'java/lang/NoSuchMethodError'{0x00000000f5f398f8}: 'java.lang.Object java.lang.invoke.DirectMethodHandle$Holder.invokeSpecial(java.lang.Object, java.lang.Object, java.lang.Object, int, java.lang.Object, java.lang.Object)'> (0x00000000f5f398f8) 
thrown [src/hotspot/share/interpreter/linkResolver.cpp, line 758]
Event: 37.362 Thread 0x00007f23840010d0 Implicit null exception at 0x00007f23ef15a330 to 0x00007f23ef15a57a
Event: 38.264 Thread 0x00007f23840010d0 Exception <a 'java/lang/NoSuchMethodError'{0x00000000f5706470}: 'java.lang.Object java.lang.invoke.DirectMethodHandle$Holder.newInvokeSpecial(java.lang.Object, java.lang.Object, java.lang.Object, int, java.lang.Object)'> (0x00000000f5706470) 
thrown [src/hotspot/share/interpreter/linkResolver.cpp, line 758]
Event: 38.265 Thread 0x00007f23840010d0 Exception <a 'java/lang/NoSuchMethodError'{0x00000000f570a868}: 'java.lang.Object java.lang.invoke.DirectMethodHandle$Holder.invokeSpecial(java.lang.Object, java.lang.Object, java.lang.Object, java.lang.Object, int, java.lang.Object)'> (0x00000000f570a868) 
thrown [src/hotspot/share/interpreter/linkResolver.cpp, line 758]
Event: 38.265 Thread 0x00007f23840010d0 Exception <a 'java/lang/NoSuchMethodError'{0x00000000f570e590}: 'java.lang.Object java.lang.invoke.Invokers$Holder.linkToTargetMethod(java.lang.Object, java.lang.Object, int, java.lang.Object, java.lang.Object)'> (0x00000000f570e590) 
thrown [src/hotspot/share/interpreter/linkResolver.cpp, line 758]
Event: 44.465 Thread 0x00007f239447df40 Implicit null exception at 0x00007f23ef1877b5 to 0x00007f23ef187cde
Event: 165.195 Thread 0x00007f2400624fa0 Exception <a 'java/lang/NoSuchMethodError'{0x00000000f63db000}: 'java.lang.Object java.lang.invoke.DirectMethodHandle$Holder.invokeInterface(java.lang.Object, java.lang.Object, java.lang.Object)'> (0x00000000f63db000) 
thrown [src/hotspot/share/interpreter/linkResolver.cpp, line 758]
Event: 165.253 Thread 0x00007f2400624fa0 Exception <a 'java/lang/reflect/InvocationTargetException'{0x00000000f6431790}> (0x00000000f6431790) 
thrown [src/hotspot/share/runtime/reflection.cpp, line 1119]
Event: 166.654 Thread 0x00007f2400624fa0 Exception <a 'java/lang/ClassNotFoundException'{0x00000000f646dcd8}: sun/util/logging/resources/spi/loggingProvider> (0x00000000f646dcd8) 
thrown [src/hotspot/share/classfile/systemDictionary.cpp, line 256]
Event: 1638.874 Thread 0x00007f2400624fa0 Exception <a 'java/lang/OutOfMemoryError'{0x00000000e00050a8}> (0x00000000e00050a8) 
thrown [src/hotspot/share/gc/shared/memAllocator.cpp, line 138]
Event: 1638.874 Thread 0x00007f2400624fa0 Implicit null exception at 0x00007f23eefa53dc to 0x00007f23eefa5532
Event: 1641.358 Thread 0x00007f2400624fa0 Exception <a 'java/lang/OutOfMemoryError'{0x00000000e0004568}> (0x00000000e0004568) 
thrown [src/hotspot/share/gc/shared/memAllocator.cpp, line 136]
Event: 1644.767 Thread 0x00007f2400624fa0 Exception <a 'java/lang/reflect/InvocationTargetException'{0x00000000f557b578}> (0x00000000f557b578) 
thrown [src/hotspot/share/runtime/reflection.cpp, line 1119]
Event: 1713.249 Thread 0x00007f24000b21d0 Exception <a 'java/lang/OutOfMemoryError'{0x00000000e0004b58}> (0x00000000e0004b58) 
thrown [src/hotspot/share/gc/shared/memAllocator.cpp, line 136]

VM Operations (20 events):
Event: 1700.325 Executing VM operation: ParallelGCFailedAllocation
Event: 1701.552 Executing VM operation: ParallelGCFailedAllocation done
Event: 1701.552 Executing VM operation: ParallelGCFailedAllocation
Event: 1702.792 Executing VM operation: ParallelGCFailedAllocation done
Event: 1702.792 Executing VM operation: ParallelGCFailedAllocation
Event: 1703.881 Executing VM operation: ParallelGCFailedAllocation done
Event: 1703.881 Executing VM operation: ParallelGCFailedAllocation
Event: 1705.156 Executing VM operation: ParallelGCFailedAllocation done
Event: 1705.157 Executing VM operation: ParallelGCFailedAllocation
Event: 1706.280 Executing VM operation: ParallelGCFailedAllocation done
Event: 1706.280 Executing VM operation: ParallelGCFailedAllocation
Event: 1707.360 Executing VM operation: ParallelGCFailedAllocation done
Event: 1707.361 Executing VM operation: ParallelGCFailedAllocation
Event: 1708.374 Executing VM operation: ParallelGCFailedAllocation done
Event: 1708.375 Executing VM operation: ParallelGCFailedAllocation
Event: 1709.605 Executing VM operation: ParallelGCFailedAllocation done
Event: 1709.605 Executing VM operation: ParallelGCFailedAllocation
Event: 1710.809 Executing VM operation: ParallelGCFailedAllocation done
Event: 1710.809 Executing VM operation: ParallelGCFailedAllocation
Event: 1713.249 Executing VM operation: ParallelGCFailedAllocation done

Events (20 events):
Event: 353.448 loading class javax/net/ssl/SSLException done
Event: 354.586 loading class java/lang/AssertionError
Event: 354.586 loading class java/lang/AssertionError done
Event: 370.697 Thread 0x00007f236448b710 Thread exited: 0x00007f236448b710
Event: 378.887 Thread 0x00007f236c0c0f50 Thread exited: 0x00007f236c0c0f50
Event: 381.173 Thread 0x00007f236c0c02c0 Thread exited: 0x00007f236c0c02c0
Event: 403.951 Thread 0x00007f235000f850 Thread exited: 0x00007f235000f850
Event: 420.382 Thread 0x00007f236c0c1c30 Thread exited: 0x00007f236c0c1c30
Event: 426.749 Thread 0x00007f236448c2a0 Thread exited: 0x00007f236448c2a0
Event: 456.107 Thread 0x00007f236c0c2520 Thread exited: 0x00007f236c0c2520
Event: 887.377 Thread 0x00007f236c0c2520 Thread added: 0x00007f236c0c2520
Event: 887.378 Protecting memory [0x00007f23aad00000,0x00007f23aad04000] with protection modes 0
Event: 997.171 Thread 0x00007f236c0c2520 Thread exited: 0x00007f236c0c2520
Event: 1121.853 Thread 0x00007f236c0c2520 Thread added: 0x00007f236c0c2520
Event: 1121.853 loading class java/util/concurrent/CompletableFuture$Signaller
Event: 1121.853 Protecting memory [0x00007f23aad00000,0x00007f23aad04000] with protection modes 0
Event: 1126.165 loading class java/util/concurrent/CompletableFuture$Signaller done
Event: 1253.050 Thread 0x00007f236c0c2520 Thread exited: 0x00007f236c0c2520
Event: 1661.466 loading class java/util/concurrent/CompletionException
Event: 1661.466 loading class java/util/concurrent/CompletionException done


Dynamic libraries:
e0000000-f5580000 rw-p 00000000 00:00 0 
f5580000-f7d00000 rw-p 00000000 00:00 0 
f7d00000-100000000 ---p 00000000 00:00 0 
800000000-800449000 rw-p 00001000 00:1cf1 4611686019135357769            /nix/store/gpxl5qgg8kicmcvivwmybwjlpf7wh20l-graalvm17-ce-22.3.0/lib/server/classes.jsa
800449000-800bc8000 r--p 0044a000 00:1cf1 4611686019135357769            /nix/store/gpxl5qgg8kicmcvivwmybwjlpf7wh20l-graalvm17-ce-22.3.0/lib/server/classes.jsa
800bc8000-800c00000 ---p 00000000 00:00 0 
800c00000-800c20000 rw-p 00000000 00:00 0 
800c20000-800c40000 rw-p 00000000 00:00 0 
800c40000-800cc0000 rw-p 00000000 00:00 0 
800cc0000-800d00000 rw-p 00000000 00:00 0 
800d00000-800dc0000 rw-p 00000000 00:00 0 
800dc0000-800e00000 rw-p 00000000 00:00 0 
800e00000-800f40000 rw-p 00000000 00:00 0 
800f40000-800fc0000 rw-p 00000000 00:00 0 
800fc0000-801000000 rw-p 00000000 00:00 0 
801000000-801180000 rw-p 00000000 00:00 0 
801180000-840c00000 ---p 00000000 00:00 0 
563849b74000-563849b75000 r-xp 00000000 00:1cf1 4611686019099417844      /nix/store/gpxl5qgg8kicmcvivwmybwjlpf7wh20l-graalvm17-ce-22.3.0/bin/.java-wrapped
563849b76000-563849b77000 r--p 00001000 00:1cf1 4611686019099417844      /nix/store/gpxl5qgg8kicmcvivwmybwjlpf7wh20l-graalvm17-ce-22.3.0/bin/.java-wrapped
563849b77000-563849b78000 rw-p 00002000 00:1cf1 4611686019099417844      /nix/store/gpxl5qgg8kicmcvivwmybwjlpf7wh20l-graalvm17-ce-22.3.0/bin/.java-wrapped
563849b78000-563849b79000 rw-p 00004000 00:1cf1 4611686019099417844      /nix/store/gpxl5qgg8kicmcvivwmybwjlpf7wh20l-graalvm17-ce-22.3.0/bin/.java-wrapped
563849b79000-563849b7a000 rw-p 00005000 00:1cf1 4611686019099417844      /nix/store/gpxl5qgg8kicmcvivwmybwjlpf7wh20l-graalvm17-ce-22.3.0/bin/.java-wrapped
56384a0ad000-56384a0f5000 rw-p 00000000 00:00 0                          [heap]
7f2338000000-7f2338021000 rw-p 00000000 00:00 0 
7f2338021000-7f233c000000 ---p 00000000 00:00 0 
7f2340000000-7f2340021000 rw-p 00000000 00:00 0 
7f2340021000-7f2344000000 ---p 00000000 00:00 0 
7f2344000000-7f2344021000 rw-p 00000000 00:00 0 
7f2344021000-7f2348000000 ---p 00000000 00:00 0 
7f2348000000-7f2348021000 rw-p 00000000 00:00 0 
7f2348021000-7f234c000000 ---p 00000000 00:00 0 
7f234c000000-7f234c021000 rw-p 00000000 00:00 0 
7f234c021000-7f2350000000 ---p 00000000 00:00 0 
7f2350000000-7f2350021000 rw-p 00000000 00:00 0 
7f2350021000-7f2354000000 ---p 00000000 00:00 0 
7f23564b3000-7f2360000000 r--s 00000000 00:1cf1 4611686019135192581      /nix/store/gpxl5qgg8kicmcvivwmybwjlpf7wh20l-graalvm17-ce-22.3.0/lib/modules
7f2360000000-7f2360021000 rw-p 00000000 00:00 0 
7f2360021000-7f2364000000 ---p 00000000 00:00 0 
7f2364000000-7f23644f9000 rw-p 00000000 00:00 0 
7f23644f9000-7f2368000000 ---p 00000000 00:00 0 
7f2368000000-7f23681c6000 rw-p 00000000 00:00 0 
7f23681c6000-7f236c000000 ---p 00000000 00:00 0 
7f236c000000-7f236c0d5000 rw-p 00000000 00:00 0 
7f236c0d5000-7f2370000000 ---p 00000000 00:00 0 
7f2370000000-7f2370021000 rw-p 00000000 00:00 0 
7f2370021000-7f2374000000 ---p 00000000 00:00 0 
7f2374000000-7f2374021000 rw-p 00000000 00:00 0 
7f2374021000-7f2378000000 ---p 00000000 00:00 0 
7f2378000000-7f237804e000 rw-p 00000000 00:00 0 
7f237804e000-7f237c000000 ---p 00000000 00:00 0 
7f237c000000-7f237c061000 rw-p 00000000 00:00 0 
7f237c061000-7f2380000000 ---p 00000000 00:00 0 
7f2380000000-7f2380021000 rw-p 00000000 00:00 0 
7f2380021000-7f2384000000 ---p 00000000 00:00 0 
7f2384000000-7f238433b000 rw-p 00000000 00:00 0 
7f238433b000-7f2388000000 ---p 00000000 00:00 0 
7f2388000000-7f2388021000 rw-p 00000000 00:00 0 
7f2388021000-7f238c000000 ---p 00000000 00:00 0 
7f238c000000-7f238c021000 rw-p 00000000 00:00 0 
7f238c021000-7f2390000000 ---p 00000000 00:00 0 
7f2390800000-7f2390be0000 rw-p 00000000 00:00 0 
7f2390be0000-7f2390c00000 rw-p 00000000 00:00 0 
7f2390c00000-7f2390cf0000 rw-p 00000000 00:00 0 
7f2390cf0000-7f2390d00000 ---p 00000000 00:00 0 
7f2390d00000-7f2390d30000 rw-p 00000000 00:00 0 
7f2390d30000-7f2391000000 ---p 00000000 00:00 0 
7f2392000000-7f23921c0000 rw-p 00000000 00:00 0 
7f23921c0000-7f2392200000 rw-p 00000000 00:00 0 
7f2392200000-7f2392500000 rw-p 00000000 00:00 0 
7f2392500000-7f2392600000 rw-p 00000000 00:00 0 
7f2392600000-7f2392800000 rw-p 00000000 00:00 0 
7f2392800000-7f23928e0000 rw-p 00000000 00:00 0 
7f23928e0000-7f2392900000 rw-p 00000000 00:00 0 
7f2392900000-7f2392b00000 rw-p 00000000 00:00 0 
7f2392b00000-7f2392d00000 rw-p 00000000 00:00 0 
7f2392d00000-7f2392e00000 rw-p 00000000 00:00 0 
7f2392e00000-7f2393000000 rw-p 00000000 00:00 0 
7f2393000000-7f2393100000 rw-p 00000000 00:00 0 
7f2393100000-7f2393200000 rw-p 00000000 00:00 0 
7f2393200000-7f2393700000 rw-p 00000000 00:00 0 
7f2393700000-7f2393800000 rw-p 00000000 00:00 0 
7f2393800000-7f2393900000 rw-p 00000000 00:00 0 
7f2393900000-7f2393a00000 rw-p 00000000 00:00 0 
7f2393a00000-7f2393d80000 rw-p 00000000 00:00 0 
7f2393d80000-7f2393e00000 rw-p 00000000 00:00 0 
7f2393e00000-7f2393fa0000 rw-p 00000000 00:00 0 
7f2393fa0000-7f2393fc0000 rw-p 00000000 00:00 0 
7f2393fc0000-7f2394000000 rw-p 00000000 00:00 0 
7f2394000000-7f23948bb000 rw-p 00000000 00:00 0 
7f23948bb000-7f2398000000 ---p 00000000 00:00 0 
7f2398000000-7f239802e000 rw-p 00000000 00:00 0 
7f239802e000-7f239c000000 ---p 00000000 00:00 0 
7f239c000000-7f239c021000 rw-p 00000000 00:00 0 
7f239c021000-7f23a0000000 ---p 00000000 00:00 0 
7f23a0000000-7f23a0021000 rw-p 00000000 00:00 0 
7f23a0021000-7f23a4000000 ---p 00000000 00:00 0 
7f23a4000000-7f23a4021000 rw-p 00000000 00:00 0 
7f23a4021000-7f23a8000000 ---p 00000000 00:00 0 
7f23a8600000-7f23a8610000 r-xp 00000000 00:1ced 356                      /home/runner/.cache/jdt-language-server/config/org.eclipse.equinox.launcher/org.eclipse.equinox.launcher.gtk.linux.x86_64_1.2.400.v20211117-0650/eclipse_11600.so
7f23a8610000-7f23a880f000 ---p 00010000 00:1ced 356                      /home/runner/.cache/jdt-language-server/config/org.eclipse.equinox.launcher/org.eclipse.equinox.launcher.gtk.linux.x86_64_1.2.400.v20211117-0650/eclipse_11600.so
7f23a880f000-7f23a8810000 r--p 0000f000 00:1ced 356                      /home/runner/.cache/jdt-language-server/config/org.eclipse.equinox.launcher/org.eclipse.equinox.launcher.gtk.linux.x86_64_1.2.400.v20211117-0650/eclipse_11600.so
7f23a8810000-7f23a8811000 rw-p 00010000 00:1ced 356                      /home/runner/.cache/jdt-language-server/config/org.eclipse.equinox.launcher/org.eclipse.equinox.launcher.gtk.linux.x86_64_1.2.400.v20211117-0650/eclipse_11600.so
7f23a9900000-7f23a9a00000 ---p 00000000 00:00 0 
7f23a9a00000-7f23a9faf000 r--p 01122000 00:1cf1 4611686019135190040      /nix/store/gpxl5qgg8kicmcvivwmybwjlpf7wh20l-graalvm17-ce-22.3.0/lib/libjvmcicompiler.so
7f23a9faf000-7f23aa100000 r--p 00000000 00:00 0 
7f23aa100000-7f23aa13d000 rw-p 00000000 00:00 0 
7f23aa13d000-7f23aa65d000 rw-p 0185f000 00:1cf1 4611686019135190040      /nix/store/gpxl5qgg8kicmcvivwmybwjlpf7wh20l-graalvm17-ce-22.3.0/lib/libjvmcicompiler.so
7f23aa65d000-7f23aaa44000 r--p 01d7f000 00:1cf1 4611686019135190040      /nix/store/gpxl5qgg8kicmcvivwmybwjlpf7wh20l-graalvm17-ce-22.3.0/lib/libjvmcicompiler.so
7f23aab00000-7f23aab04000 ---p 00000000 00:00 0 
7f23aab04000-7f23aac00000 rw-p 00000000 00:00 0 
7f23aad00000-7f23aad04000 ---p 00000000 00:00 0 
7f23aad04000-7f23aae00000 rw-p 00000000 00:00 0 
7f23aaf00000-7f23aaf04000 ---p 00000000 00:00 0 
7f23aaf04000-7f23ab000000 rw-p 00000000 00:00 0 
7f23ab100000-7f23ab104000 ---p 00000000 00:00 0 
7f23ab104000-7f23ab200000 rw-p 00000000 00:00 0 
7f23ab300000-7f23ab304000 ---p 00000000 00:00 0 
7f23ab304000-7f23ab400000 rw-p 00000000 00:00 0 
7f23ab500000-7f23ab504000 ---p 00000000 00:00 0 
7f23ab504000-7f23ab600000 rw-p 00000000 00:00 0 
7f23ab700000-7f23ab704000 ---p 00000000 00:00 0 
7f23ab704000-7f23ab800000 rw-p 00000000 00:00 0 
7f23ab800000-7f23ab804000 ---p 00000000 00:00 0 
7f23ab804000-7f23ab900000 rw-p 00000000 00:00 0 
7f23ab900000-7f23ab904000 ---p 00000000 00:00 0 
7f23ab904000-7f23aba00000 rw-p 00000000 00:00 0 
7f23abb00000-7f23abb04000 ---p 00000000 00:00 0 
7f23abb04000-7f23abc00000 rw-p 00000000 00:00 0 
7f23abd00000-7f23abd04000 ---p 00000000 00:00 0 
7f23abd04000-7f23abe00000 rw-p 00000000 00:00 0 
7f23abf00000-7f23abf04000 ---p 00000000 00:00 0 
7f23abf04000-7f23ac000000 rw-p 00000000 00:00 0 
7f23ac100000-7f23ac104000 ---p 00000000 00:00 0 
7f23ac104000-7f23ac200000 rw-p 00000000 00:00 0 
7f23ac300000-7f23ac304000 ---p 00000000 00:00 0 
7f23ac304000-7f23ac400000 rw-p 00000000 00:00 0 
7f23ac400000-7f23ac404000 ---p 00000000 00:00 0 
7f23ac404000-7f23ac500000 rw-p 00000000 00:00 0 
7f23ac500000-7f23ac504000 ---p 00000000 00:00 0 
7f23ac504000-7f23ac600000 rw-p 00000000 00:00 0 
7f23ac600000-7f23ac604000 ---p 00000000 00:00 0 
7f23ac604000-7f23ac700000 rw-p 00000000 00:00 0 
7f23ac700000-7f23ac704000 ---p 00000000 00:00 0 
7f23ac704000-7f23ac800000 rw-p 00000000 00:00 0 
7f23ac900000-7f23ac904000 ---p 00000000 00:00 0 
7f23ac904000-7f23aca00000 rw-p 00000000 00:00 0 
7f23ad7a9000-7f23adb00000 rw-p 00000000 00:00 0 
7f23adc00000-7f23afd6a000 r-xp 00000000 00:1cf1 4611686019135190040      /nix/store/gpxl5qgg8kicmcvivwmybwjlpf7wh20l-graalvm17-ce-22.3.0/lib/libjvmcicompiler.so
7f23afd6a000-7f23aff69000 ---p 0216a000 00:1cf1 4611686019135190040      /nix/store/gpxl5qgg8kicmcvivwmybwjlpf7wh20l-graalvm17-ce-22.3.0/lib/libjvmcicompiler.so
7f23aff69000-7f23aff6a000 r--p 02169000 00:1cf1 4611686019135190040      /nix/store/gpxl5qgg8kicmcvivwmybwjlpf7wh20l-graalvm17-ce-22.3.0/lib/libjvmcicompiler.so
7f23aff6a000-7f23aff6c000 rw-p 0216a000 00:1cf1 4611686019135190040      /nix/store/gpxl5qgg8kicmcvivwmybwjlpf7wh20l-graalvm17-ce-22.3.0/lib/libjvmcicompiler.so
7f23aff6c000-7f23aff6d000 rw-p 00000000 00:00 0 
7f23aff6d000-7f23aff72000 rw-p 023c3000 00:1cf1 4611686019135190040      /nix/store/gpxl5qgg8kicmcvivwmybwjlpf7wh20l-graalvm17-ce-22.3.0/lib/libjvmcicompiler.so
7f23b0000000-7f23b0021000 rw-p 00000000 00:00 0 
7f23b0021000-7f23b4000000 ---p 00000000 00:00 0 
7f23b4000000-7f23b4021000 rw-p 00000000 00:00 0 
7f23b4021000-7f23b8000000 ---p 00000000 00:00 0 
7f23b8000000-7f23b8021000 rw-p 00000000 00:00 0 
7f23b8021000-7f23bc000000 ---p 00000000 00:00 0 
7f23bc000000-7f23bc021000 rw-p 00000000 00:00 0 
7f23bc021000-7f23c0000000 ---p 00000000 00:00 0 
7f23c0000000-7f23c00da000 rw-p 00000000 00:00 0 
7f23c00da000-7f23c4000000 ---p 00000000 00:00 0 
7f23c4000000-7f23c47dd000 rw-p 00000000 00:00 0 
7f23c47dd000-7f23c8000000 ---p 00000000 00:00 0 
7f23c8000000-7f23c8021000 rw-p 00000000 00:00 0 
7f23c8021000-7f23cc000000 ---p 00000000 00:00 0 
7f23cc000000-7f23cc021000 rw-p 00000000 00:00 0 
7f23cc021000-7f23d0000000 ---p 00000000 00:00 0 
7f23d0000000-7f23d0021000 rw-p 00000000 00:00 0 
7f23d0021000-7f23d4000000 ---p 00000000 00:00 0 
7f23d4000000-7f23d4021000 rw-p 00000000 00:00 0 
7f23d4021000-7f23d8000000 ---p 00000000 00:00 0 
7f23d8000000-7f23d802e000 rw-p 00000000 00:00 0 
7f23d802e000-7f23dc000000 ---p 00000000 00:00 0 
7f23dc000000-7f23dc021000 rw-p 00000000 00:00 0 
7f23dc021000-7f23e0000000 ---p 00000000 00:00 0 
7f23e0000000-7f23e005f000 rw-p 00000000 00:00 0 
7f23e005f000-7f23e4000000 ---p 00000000 00:00 0 
7f23e4000000-7f23e4004000 ---p 00000000 00:00 0 
7f23e4004000-7f23e4100000 rw-p 00000000 00:00 0 
7f23e4200000-7f23e4204000 ---p 00000000 00:00 0 
7f23e4204000-7f23e4300000 rw-p 00000000 00:00 0 
7f23e4400000-7f23e4404000 ---p 00000000 00:00 0 
7f23e4404000-7f23e4500000 rw-p 00000000 00:00 0 
7f23e4505000-7f23e4646000 rw-p 00000000 00:00 0 
7f23e4646000-7f23e4647000 ---p 00000000 00:00 0 
7f23e4647000-7f23e4748000 rw-p 00000000 00:00 0 
7f23e4748000-7f23e474c000 ---p 00000000 00:00 0 
7f23e474c000-7f23e4848000 rw-p 00000000 00:00 0 
7f23e4848000-7f23e484c000 ---p 00000000 00:00 0 
7f23e484c000-7f23e4948000 rw-p 00000000 00:00 0 
7f23e4948000-7f23e494c000 ---p 00000000 00:00 0 
7f23e494c000-7f23e4a48000 rw-p 00000000 00:00 0 
7f23e4a48000-7f23e4a4c000 ---p 00000000 00:00 0 
7f23e4a4c000-7f23e4c48000 rw-p 00000000 00:00 0 
7f23e4c48000-7f23e4c4c000 ---p 00000000 00:00 0 
7f23e4c4c000-7f23e4e48000 rw-p 00000000 00:00 0 
7f23e4e48000-7f23e4e4c000 ---p 00000000 00:00 0 
7f23e4e4c000-7f23e4f48000 rw-p 00000000 00:00 0 
7f23e4f48000-7f23e4f4c000 ---p 00000000 00:00 0 
7f23e4f4c000-7f23e5048000 rw-p 00000000 00:00 0 
7f23e5048000-7f23e504c000 ---p 00000000 00:00 0 
7f23e504c000-7f23e5148000 rw-p 00000000 00:00 0 
7f23e5148000-7f23e542e000 r--p 00000000 00:1c42 28444448                 /usr/lib/locale/locale-archive
7f23e542e000-7f23e5432000 ---p 00000000 00:00 0 
7f23e5432000-7f23e552e000 rw-p 00000000 00:00 0 
7f23e552e000-7f23e5532000 ---p 00000000 00:00 0 
7f23e5532000-7f23e562e000 rw-p 00000000 00:00 0 
7f23e562e000-7f23e562f000 ---p 00000000 00:00 0 
7f23e562f000-7f23e5730000 rw-p 00000000 00:00 0 
7f23e5730000-7f23e57fe000 r-xp 00000000 00:1cf1 4611686019135190036      /nix/store/gpxl5qgg8kicmcvivwmybwjlpf7wh20l-graalvm17-ce-22.3.0/lib/libjsvml.so
7f23e57fe000-7f23e57ff000 r--p 000cd000 00:1cf1 4611686019135190036      /nix/store/gpxl5qgg8kicmcvivwmybwjlpf7wh20l-graalvm17-ce-22.3.0/lib/libjsvml.so
7f23e57ff000-7f23e5800000 rw-p 000ce000 00:1cf1 4611686019135190036      /nix/store/gpxl5qgg8kicmcvivwmybwjlpf7wh20l-graalvm17-ce-22.3.0/lib/libjsvml.so
7f23e5800000-7f23e5c00000 rw-p 00000000 00:00 0 
7f23e5c00000-7f23e5f00000 rw-p 00000000 00:00 0 
7f23e5f00000-7f23e6000000 rw-p 00000000 00:00 0 
7f23e608d000-7f23e6091000 ---p 00000000 00:00 0 
7f23e6091000-7f23e74b3000 rw-p 00000000 00:00 0 
7f23e74b3000-7f23e7723000 rwxp 00000000 00:00 0 
7f23e7723000-7f23e7a42000 ---p 00000000 00:00 0 
7f23e7a42000-7f23e8842000 rwxp 00000000 00:00 0 
7f23e8842000-7f23eef7a000 ---p 00000000 00:00 0 
7f23eef7a000-7f23ef23a000 rwxp 00000000 00:00 0 
7f23ef23a000-7f23f64b3000 ---p 00000000 00:00 0 
7f23f64b3000-7f2400000000 r--s 00000000 00:1cf1 4611686019135192581      /nix/store/gpxl5qgg8kicmcvivwmybwjlpf7wh20l-graalvm17-ce-22.3.0/lib/modules
7f2400000000-7f240062b000 rw-p 00000000 00:00 0 
7f240062b000-7f2404000000 ---p 00000000 00:00 0 
7f240401b000-7f240401d000 r-xp 00000000 00:1cf1 4611686019135190017      /nix/store/gpxl5qgg8kicmcvivwmybwjlpf7wh20l-graalvm17-ce-22.3.0/lib/libextnet.so
7f240401d000-7f240401e000 r--p 00001000 00:1cf1 4611686019135190017      /nix/store/gpxl5qgg8kicmcvivwmybwjlpf7wh20l-graalvm17-ce-22.3.0/lib/libextnet.so
7f240401e000-7f240401f000 rw-p 00002000 00:1cf1 4611686019135190017      /nix/store/gpxl5qgg8kicmcvivwmybwjlpf7wh20l-graalvm17-ce-22.3.0/lib/libextnet.so
7f240401f000-7f2404020000 rw-p 00004000 00:1cf1 4611686019135190017      /nix/store/gpxl5qgg8kicmcvivwmybwjlpf7wh20l-graalvm17-ce-22.3.0/lib/libextnet.so
7f2404020000-7f2404027000 r-xp 00000000 00:1cf1 4611686019135192580      /nix/store/gpxl5qgg8kicmcvivwmybwjlpf7wh20l-graalvm17-ce-22.3.0/lib/libzip.so
7f2404027000-7f2404028000 ---p 00007000 00:1cf1 4611686019135192580      /nix/store/gpxl5qgg8kicmcvivwmybwjlpf7wh20l-graalvm17-ce-22.3.0/lib/libzip.so
7f2404028000-7f2404029000 r--p 00007000 00:1cf1 4611686019135192580      /nix/store/gpxl5qgg8kicmcvivwmybwjlpf7wh20l-graalvm17-ce-22.3.0/lib/libzip.so
7f2404029000-7f240402a000 rw-p 00008000 00:1cf1 4611686019135192580      /nix/store/gpxl5qgg8kicmcvivwmybwjlpf7wh20l-graalvm17-ce-22.3.0/lib/libzip.so
7f240402a000-7f240402c000 rw-p 0000b000 00:1cf1 4611686019135192580      /nix/store/gpxl5qgg8kicmcvivwmybwjlpf7wh20l-graalvm17-ce-22.3.0/lib/libzip.so
7f240402c000-7f2404041000 r-xp 00000000 00:1cf1 4611686019135192570      /nix/store/gpxl5qgg8kicmcvivwmybwjlpf7wh20l-graalvm17-ce-22.3.0/lib/libnet.so
7f2404041000-7f2404042000 ---p 00015000 00:1cf1 4611686019135192570      /nix/store/gpxl5qgg8kicmcvivwmybwjlpf7wh20l-graalvm17-ce-22.3.0/lib/libnet.so
7f2404042000-7f2404043000 r--p 00015000 00:1cf1 4611686019135192570      /nix/store/gpxl5qgg8kicmcvivwmybwjlpf7wh20l-graalvm17-ce-22.3.0/lib/libnet.so
7f2404043000-7f2404044000 rw-p 00016000 00:1cf1 4611686019135192570      /nix/store/gpxl5qgg8kicmcvivwmybwjlpf7wh20l-graalvm17-ce-22.3.0/lib/libnet.so
7f2404044000-7f2404047000 rw-p 0001b000 00:1cf1 4611686019135192570      /nix/store/gpxl5qgg8kicmcvivwmybwjlpf7wh20l-graalvm17-ce-22.3.0/lib/libnet.so
7f2404047000-7f240405a000 r-xp 00000000 00:1cf1 4611686019135192571      /nix/store/gpxl5qgg8kicmcvivwmybwjlpf7wh20l-graalvm17-ce-22.3.0/lib/libnio.so
7f240405a000-7f240405b000 r--p 00012000 00:1cf1 4611686019135192571      /nix/store/gpxl5qgg8kicmcvivwmybwjlpf7wh20l-graalvm17-ce-22.3.0/lib/libnio.so
7f240405b000-7f240405c000 rw-p 00013000 00:1cf1 4611686019135192571      /nix/store/gpxl5qgg8kicmcvivwmybwjlpf7wh20l-graalvm17-ce-22.3.0/lib/libnio.so
7f240405c000-7f2404061000 rw-p 00019000 00:1cf1 4611686019135192571      /nix/store/gpxl5qgg8kicmcvivwmybwjlpf7wh20l-graalvm17-ce-22.3.0/lib/libnio.so
7f2404061000-7f2404535000 rw-p 00000000 00:00 0 
7f2404535000-7f2404536000 ---p 00000000 00:00 0 
7f2404536000-7f24046e1000 rw-p 00000000 00:00 0 
7f24046e1000-7f24046f6000 rw-p 00000000 00:00 0 
7f24046f6000-7f2404737000 ---p 00000000 00:00 0 
7f2404737000-7f240473e000 rw-p 00000000 00:00 0 
7f240473e000-7f2404823000 ---p 00000000 00:00 0 
7f2404823000-7f240483f000 rw-p 00000000 00:00 0 
7f240483f000-7f240490e000 ---p 00000000 00:00 0 
7f240490e000-7f2404913000 rw-p 00000000 00:00 0 
7f2404913000-7f240491a000 ---p 00000000 00:00 0 
7f240491a000-7f240493e000 r-xp 00000000 00:1cf1 4611686019135190028      /nix/store/gpxl5qgg8kicmcvivwmybwjlpf7wh20l-graalvm17-ce-22.3.0/lib/libjava.so
7f240493e000-7f240493f000 ---p 00024000 00:1cf1 4611686019135190028      /nix/store/gpxl5qgg8kicmcvivwmybwjlpf7wh20l-graalvm17-ce-22.3.0/lib/libjava.so
7f240493f000-7f2404940000 r--p 00024000 00:1cf1 4611686019135190028      /nix/store/gpxl5qgg8kicmcvivwmybwjlpf7wh20l-graalvm17-ce-22.3.0/lib/libjava.so
7f2404940000-7f2404941000 rw-p 00025000 00:1cf1 4611686019135190028      /nix/store/gpxl5qgg8kicmcvivwmybwjlpf7wh20l-graalvm17-ce-22.3.0/lib/libjava.so
7f2404941000-7f2404942000 rw-p 00000000 00:00 0 
7f2404942000-7f2404949000 rw-p 0002f000 00:1cf1 4611686019135190028      /nix/store/gpxl5qgg8kicmcvivwmybwjlpf7wh20l-graalvm17-ce-22.3.0/lib/libjava.so
7f2404949000-7f2404951000 rw-s 00000000 00:651 351                       /tmp/hsperfdata_runner/28
7f2404951000-7f2404952000 ---p 00000000 00:00 0 
7f2404952000-7f2404953000 r--p 00000000 00:00 0 
7f2404953000-7f2404954000 rwxp 00000000 00:00 0 
7f2404954000-7f240496f000 r-xp 00000000 00:1cf1 4611686019135190032      /nix/store/gpxl5qgg8kicmcvivwmybwjlpf7wh20l-graalvm17-ce-22.3.0/lib/libjimage.so
7f240496f000-7f2404970000 ---p 0001b000 00:1cf1 4611686019135190032      /nix/store/gpxl5qgg8kicmcvivwmybwjlpf7wh20l-graalvm17-ce-22.3.0/lib/libjimage.so
7f2404970000-7f2404972000 r--p 0001b000 00:1cf1 4611686019135190032      /nix/store/gpxl5qgg8kicmcvivwmybwjlpf7wh20l-graalvm17-ce-22.3.0/lib/libjimage.so
7f2404972000-7f2404973000 rw-p 0001d000 00:1cf1 4611686019135190032      /nix/store/gpxl5qgg8kicmcvivwmybwjlpf7wh20l-graalvm17-ce-22.3.0/lib/libjimage.so
7f2404973000-7f2404974000 rw-p 00024000 00:1cf1 4611686019135190032      /nix/store/gpxl5qgg8kicmcvivwmybwjlpf7wh20l-graalvm17-ce-22.3.0/lib/libjimage.so
7f2404974000-7f2404978000 ---p 00000000 00:00 0 
7f2404978000-7f2404a74000 rw-p 00000000 00:00 0 
7f2404a74000-7f2404a82000 r--p 00000000 00:1cf1 4611686019027979927      /nix/store/4nlgxhb09sdr51nc9hdm8az5b08vzkgx-glibc-2.35-163/lib/libm.so.6
7f2404a82000-7f2404af5000 r-xp 0000e000 00:1cf1 4611686019027979927      /nix/store/4nlgxhb09sdr51nc9hdm8az5b08vzkgx-glibc-2.35-163/lib/libm.so.6
7f2404af5000-7f2404b52000 r--p 00081000 00:1cf1 4611686019027979927      /nix/store/4nlgxhb09sdr51nc9hdm8az5b08vzkgx-glibc-2.35-163/lib/libm.so.6
7f2404b52000-7f2404b53000 r--p 000dd000 00:1cf1 4611686019027979927      /nix/store/4nlgxhb09sdr51nc9hdm8az5b08vzkgx-glibc-2.35-163/lib/libm.so.6
7f2404b53000-7f2404b54000 rw-p 000de000 00:1cf1 4611686019027979927      /nix/store/4nlgxhb09sdr51nc9hdm8az5b08vzkgx-glibc-2.35-163/lib/libm.so.6
7f2404b54000-7f2404b55000 r--p 00000000 00:1cf1 4611686019027979946      /nix/store/4nlgxhb09sdr51nc9hdm8az5b08vzkgx-glibc-2.35-163/lib/librt.so.1
7f2404b55000-7f2404b56000 r-xp 00001000 00:1cf1 4611686019027979946      /nix/store/4nlgxhb09sdr51nc9hdm8az5b08vzkgx-glibc-2.35-163/lib/librt.so.1
7f2404b56000-7f2404b57000 r--p 00002000 00:1cf1 4611686019027979946      /nix/store/4nlgxhb09sdr51nc9hdm8az5b08vzkgx-glibc-2.35-163/lib/librt.so.1
7f2404b57000-7f2404b58000 r--p 00002000 00:1cf1 4611686019027979946      /nix/store/4nlgxhb09sdr51nc9hdm8az5b08vzkgx-glibc-2.35-163/lib/librt.so.1
7f2404b58000-7f2404b59000 rw-p 00003000 00:1cf1 4611686019027979946      /nix/store/4nlgxhb09sdr51nc9hdm8az5b08vzkgx-glibc-2.35-163/lib/librt.so.1
7f2404b59000-7f2405c6c000 r-xp 00000000 00:1cf1 4611686019135360866      /nix/store/gpxl5qgg8kicmcvivwmybwjlpf7wh20l-graalvm17-ce-22.3.0/lib/server/libjvm.so
7f2405c6c000-7f2405c6d000 ---p 01113000 00:1cf1 4611686019135360866      /nix/store/gpxl5qgg8kicmcvivwmybwjlpf7wh20l-graalvm17-ce-22.3.0/lib/server/libjvm.so
7f2405c6d000-7f2405d22000 r--p 01113000 00:1cf1 4611686019135360866      /nix/store/gpxl5qgg8kicmcvivwmybwjlpf7wh20l-graalvm17-ce-22.3.0/lib/server/libjvm.so
7f2405d22000-7f2405d56000 rw-p 011c8000 00:1cf1 4611686019135360866      /nix/store/gpxl5qgg8kicmcvivwmybwjlpf7wh20l-graalvm17-ce-22.3.0/lib/server/libjvm.so
7f2405d56000-7f2405db2000 rw-p 00000000 00:00 0 
7f2405db2000-7f2405dda000 r--p 00000000 00:1cf1 4611686019027979918      /nix/store/4nlgxhb09sdr51nc9hdm8az5b08vzkgx-glibc-2.35-163/lib/libc.so.6
7f2405dda000-7f2405f50000 r-xp 00028000 00:1cf1 4611686019027979918      /nix/store/4nlgxhb09sdr51nc9hdm8az5b08vzkgx-glibc-2.35-163/lib/libc.so.6
7f2405f50000-7f2405fa8000 r--p 0019e000 00:1cf1 4611686019027979918      /nix/store/4nlgxhb09sdr51nc9hdm8az5b08vzkgx-glibc-2.35-163/lib/libc.so.6
7f2405fa8000-7f2405fac000 r--p 001f6000 00:1cf1 4611686019027979918      /nix/store/4nlgxhb09sdr51nc9hdm8az5b08vzkgx-glibc-2.35-163/lib/libc.so.6
7f2405fac000-7f2405fae000 rw-p 001fa000 00:1cf1 4611686019027979918      /nix/store/4nlgxhb09sdr51nc9hdm8az5b08vzkgx-glibc-2.35-163/lib/libc.so.6
7f2405fae000-7f2405fbd000 rw-p 00000000 00:00 0 
7f2405fbd000-7f2405fbe000 r--p 00000000 00:1cf1 4611686019027979923      /nix/store/4nlgxhb09sdr51nc9hdm8az5b08vzkgx-glibc-2.35-163/lib/libdl.so.2
7f2405fbe000-7f2405fbf000 r-xp 00001000 00:1cf1 4611686019027979923      /nix/store/4nlgxhb09sdr51nc9hdm8az5b08vzkgx-glibc-2.35-163/lib/libdl.so.2
7f2405fbf000-7f2405fc0000 r--p 00002000 00:1cf1 4611686019027979923      /nix/store/4nlgxhb09sdr51nc9hdm8az5b08vzkgx-glibc-2.35-163/lib/libdl.so.2
7f2405fc0000-7f2405fc1000 r--p 00002000 00:1cf1 4611686019027979923      /nix/store/4nlgxhb09sdr51nc9hdm8az5b08vzkgx-glibc-2.35-163/lib/libdl.so.2
7f2405fc1000-7f2405fc2000 rw-p 00003000 00:1cf1 4611686019027979923      /nix/store/4nlgxhb09sdr51nc9hdm8az5b08vzkgx-glibc-2.35-163/lib/libdl.so.2
7f2405fc2000-7f2405fc3000 r--p 00000000 00:1cf1 4611686019027979942      /nix/store/4nlgxhb09sdr51nc9hdm8az5b08vzkgx-glibc-2.35-163/lib/libpthread.so.0
7f2405fc3000-7f2405fc4000 r-xp 00001000 00:1cf1 4611686019027979942      /nix/store/4nlgxhb09sdr51nc9hdm8az5b08vzkgx-glibc-2.35-163/lib/libpthread.so.0
7f2405fc4000-7f2405fc5000 r--p 00002000 00:1cf1 4611686019027979942      /nix/store/4nlgxhb09sdr51nc9hdm8az5b08vzkgx-glibc-2.35-163/lib/libpthread.so.0
7f2405fc5000-7f2405fc6000 r--p 00002000 00:1cf1 4611686019027979942      /nix/store/4nlgxhb09sdr51nc9hdm8az5b08vzkgx-glibc-2.35-163/lib/libpthread.so.0
7f2405fc6000-7f2405fc7000 rw-p 00003000 00:1cf1 4611686019027979942      /nix/store/4nlgxhb09sdr51nc9hdm8az5b08vzkgx-glibc-2.35-163/lib/libpthread.so.0
7f2405fc7000-7f2405fd5000 r-xp 00000000 00:1cf1 4611686019135190033      /nix/store/gpxl5qgg8kicmcvivwmybwjlpf7wh20l-graalvm17-ce-22.3.0/lib/libjli.so
7f2405fd5000-7f2405fd6000 ---p 0000e000 00:1cf1 4611686019135190033      /nix/store/gpxl5qgg8kicmcvivwmybwjlpf7wh20l-graalvm17-ce-22.3.0/lib/libjli.so
7f2405fd6000-7f2405fd7000 r--p 0000e000 00:1cf1 4611686019135190033      /nix/store/gpxl5qgg8kicmcvivwmybwjlpf7wh20l-graalvm17-ce-22.3.0/lib/libjli.so
7f2405fd7000-7f2405fd8000 rw-p 0000f000 00:1cf1 4611686019135190033      /nix/store/gpxl5qgg8kicmcvivwmybwjlpf7wh20l-graalvm17-ce-22.3.0/lib/libjli.so
7f2405fd8000-7f2405fd9000 rw-p 00012000 00:1cf1 4611686019135190033      /nix/store/gpxl5qgg8kicmcvivwmybwjlpf7wh20l-graalvm17-ce-22.3.0/lib/libjli.so
7f2405fd9000-7f2405fdc000 r--p 00000000 00:1cf1 4611686019106210071      /nix/store/026hln0aq1hyshaxsdvhg0kmcm6yf45r-zlib-1.2.13/lib/libz.so.1.2.13
7f2405fdc000-7f2405fee000 r-xp 00003000 00:1cf1 4611686019106210071      /nix/store/026hln0aq1hyshaxsdvhg0kmcm6yf45r-zlib-1.2.13/lib/libz.so.1.2.13
7f2405fee000-7f2405ff5000 r--p 00015000 00:1cf1 4611686019106210071      /nix/store/026hln0aq1hyshaxsdvhg0kmcm6yf45r-zlib-1.2.13/lib/libz.so.1.2.13
7f2405ff5000-7f2405ff6000 r--p 0001b000 00:1cf1 4611686019106210071      /nix/store/026hln0aq1hyshaxsdvhg0kmcm6yf45r-zlib-1.2.13/lib/libz.so.1.2.13
7f2405ff6000-7f2405ff7000 rw-p 0001c000 00:1cf1 4611686019106210071      /nix/store/026hln0aq1hyshaxsdvhg0kmcm6yf45r-zlib-1.2.13/lib/libz.so.1.2.13
7f2405ff7000-7f2405ff9000 rw-p 00000000 00:00 0 
7f2405ff9000-7f2405ffb000 r--p 00000000 00:1cf1 4611686019027979912      /nix/store/4nlgxhb09sdr51nc9hdm8az5b08vzkgx-glibc-2.35-163/lib/ld-linux-x86-64.so.2
7f2405ffb000-7f2406022000 r-xp 00002000 00:1cf1 4611686019027979912      /nix/store/4nlgxhb09sdr51nc9hdm8az5b08vzkgx-glibc-2.35-163/lib/ld-linux-x86-64.so.2
7f2406022000-7f240602e000 r--p 00029000 00:1cf1 4611686019027979912      /nix/store/4nlgxhb09sdr51nc9hdm8az5b08vzkgx-glibc-2.35-163/lib/ld-linux-x86-64.so.2
7f240602e000-7f2406030000 r--p 00034000 00:1cf1 4611686019027979912      /nix/store/4nlgxhb09sdr51nc9hdm8az5b08vzkgx-glibc-2.35-163/lib/ld-linux-x86-64.so.2
7f2406030000-7f2406032000 rw-p 00036000 00:1cf1 4611686019027979912      /nix/store/4nlgxhb09sdr51nc9hdm8az5b08vzkgx-glibc-2.35-163/lib/ld-linux-x86-64.so.2
7ffe37546000-7ffe3756b000 rw-p 00000000 00:00 0                          [stack]
7ffe375f7000-7ffe375fb000 r--p 00000000 00:00 0                          [vvar]
7ffe375fb000-7ffe375fd000 r-xp 00000000 00:00 0                          [vdso]
ffffffffff600000-ffffffffff601000 --xp 00000000 00:00 0                  [vsyscall]


VM Arguments:
jvm_args: -XX:ThreadPriorityPolicy=1 -XX:+UnlockExperimentalVMOptions -XX:+EnableJVMCIProduct -XX:JVMCIThreadsPerNativeLibraryRuntime=1 -XX:-UnlockExperimentalVMOptions -Declipse.application=org.eclipse.jdt.ls.core.id1 -Dosgi.bundles.defaultStartLevel=4 -Declipse.product=org.eclipse.jdt.ls.core.product -Dlog.level=ALL -Xverify:none -XX:+UseParallelGC -XX:GCTimeRatio=4 -XX:AdaptiveSizePolicyWeight=90 -Dsun.zip.disableMemoryMapping=true -Xmx512m -Xms100m 
java_command: /nix/store/m6gcpi1ii6rghy04cjwjddcavv7i90df-jdt-language-server-1.9.0/share/java/plugins/org.eclipse.equinox.launcher_1.6.400.v20210924-0641.jar --add-modules=ALL-SYSTEM --add-opens java.base/java.util=ALL-UNNAMED --add-opens java.base/java.lang=ALL-UNNAMED -configuration /home/runner/.cache/jdt-language-server/config -data /home/runner/.cache/jdt-language-server/data/home/runner/Proyecto-1
java_class_path (initial): /nix/store/m6gcpi1ii6rghy04cjwjddcavv7i90df-jdt-language-server-1.9.0/share/java/plugins/org.eclipse.equinox.launcher_1.6.400.v20210924-0641.jar
Launcher Type: SUN_STANDARD

[Global flags]
    uintx AdaptiveSizePolicyWeight                 = 90                                        {product} {command line}
     intx CICompilerCount                          = 2                                         {product} {ergonomic}
     bool EnableJVMCIProduct                       = true                                {JVMCI product} {jimage}
    uintx GCTimeRatio                              = 4                                         {product} {command line}
   size_t InitialHeapSize                          = 104857600                                 {product} {command line}
     uint JVMCIThreadsPerNativeLibraryRuntime      = 1                                   {JVMCI product} {jimage}
   size_t MaxHeapSize                              = 536870912                                 {product} {command line}
   size_t MaxNewSize                               = 178782208                                 {product} {ergonomic}
   size_t MinHeapDeltaBytes                        = 524288                                    {product} {ergonomic}
   size_t MinHeapSize                              = 104857600                                 {product} {command line}
   size_t NewSize                                  = 34603008                                  {product} {ergonomic}
    uintx NonNMethodCodeHeapSize                   = 5826188                                {pd product} {ergonomic}
    uintx NonProfiledCodeHeapSize                  = 122916026                              {pd product} {ergonomic}
   size_t OldSize                                  = 70254592                                  {product} {ergonomic}
    uintx ProfiledCodeHeapSize                     = 122916026                              {pd product} {ergonomic}
    uintx ReservedCodeCacheSize                    = 251658240                              {pd product} {ergonomic}
     bool SegmentedCodeCache                       = true                                      {product} {ergonomic}
   size_t SoftMaxHeapSize                          = 536870912                              {manageable} {ergonomic}
     intx ThreadPriorityPolicy                     = 1                                         {product} {jimage}
     bool UseCompressedClassPointers               = true                           {product lp64_product} {ergonomic}
     bool UseCompressedOops                        = true                           {product lp64_product} {ergonomic}
     bool UseParallelGC                            = true                                      {product} {command line}

Logging:
Log output configuration:
 #0: stdout all=warning uptime,level,tags
 #1: stderr all=off uptime,level,tags

Environment Variables:
JAVA_HOME=/nix/store/gpxl5qgg8kicmcvivwmybwjlpf7wh20l-graalvm17-ce-22.3.0
PATH=/nix/store/1d6ian3r8kdzspw8hacjhl3xkp40g1lj-binutils-wrapper-2.39/bin:/nix/store/dq0xwmsk1g0i2ayg6pb7y87na2knzylh-gcc-wrapper-11.3.0/bin:/nix/store/bap4d0lpcrhpwmpb8ayjcgkmvfj62lnq-bash-interactive-5.1-p16/bin:/nix/store/pr5n59mb4jzmfx6kanwxly0l07p861fg-patchelf-0.15.0/bin:/nix/store/1gf2flfqnpqbr1b4p4qz2f72y42bs56r-gcc-11.3.0/bin:/nix/store/57xv61c5zi8pphjbcwxxjlgc34p61ic9-glibc-2.35-163-bin/bin:/nix/store/a7gvj343m05j2s32xcnwr35v31ynlypr-coreutils-9.1/bin:/nix/store/039g378vc3pc3dvi9dzdlrd0i4q93qwf-binutils-2.39/bin:/nix/store/gpxl5qgg8kicmcvivwmybwjlpf7wh20l-graalvm17-ce-22.3.0/bin:/nix/store/6z9ag3ihc8mq2hzsw48lhbznvzny65nz-apache-maven-3.8.6/bin:/nix/store/m6gcpi1ii6rghy04cjwjddcavv7i90df-jdt-language-server-1.9.0/bin:/nix/store/84xs5alhs01zrbr4ywm05kxbjbp5590l-java-debug/bin:/nix/store/mydc6f4k2z73xlcz7ilif3v2lcaiqvza-findutils-4.9.0/bin:/nix/store/j9p3g8472iijd50vhdprx0nmk2fqn5gv-diffutils-3.8/bin:/nix/store/89zs7rms6x00xfq4dq6m7mjnhkr8a6r4-gnused-4.8/bin:/nix/store/86bp03jkmsl6f92w0yzg4s59g5mhxwmy-gnugrep-3.7/bin:/nix/store/hwcdqw4jrjnd37wxqgsd47hd0j8bnj09-gawk-5.1.1/bin:/nix/store/cfbhw8r8ags41vwqaz47r583d0p4h4a1-gnutar-1.34/bin:/nix/store/p3m1ndl1lapwrlh698bnb5lvvxh67378-gzip-1.12/bin:/nix/store/a8mhcagrsly7c7mpjrpsnaahk4aax056-bzip2-1.0.8-bin/bin:/nix/store/mblgz65m3zv9x548a3d5m96fj2pbwr09-gnumake-4.3/bin:/nix/store/dsd5gz46hdbdk2rfdimqddhq6m8m8fqs-bash-5.1-p16/bin:/nix/store/v7ljksji50mg3w61dykaa3n3y79n6nil-patch-2.7.6/bin:/nix/store/zlcnmqq14jz5x9439jf937mvayyl63da-xz-5.2.7-bin/bin:/nix/store/y6aj732zm9m87c82fpvf103a1xb22blp-file-5.43/bin:/nix/store/i4kzir3m7mrisxmf5xvlnkw01x4qaqr4-prybar-elisp-0.0.0-e0d9a52/bin:/nix/store/lwwivxf6h7x3cvxp9zv8sj0mv7dak99r-prybar-lua-0.0.0-e0d9a52/bin:/nix/store/gxj28g1cg4hq3qanmjv07156h800qr58-prybar-python3-0.0.0-e0d9a52/bin:/nix/store/hshkjnxrgidigf8x75vg6lqng2xlx9i3-prybar-sqlite-0.0.0-e0d9a52/bin:/nix/store/c4w01bpjgyy5ixmwdk8m1pw87zq4sl26-prybar-tcl-0.0.0-e0d9a52/bin:/nix/store/hpbvrlwd5viqmvcaisb3x0118i913a9n-st
LD_LIBRARY_PATH=/nix/store/a4pff549sk2idnkpzk5nsfps3mdkdnvm-cups-2.4.2-lib/lib:/nix/store/72mqxxhh3cy5yifh92wh2yb8cl2hikyy-cairo-1.16.0/lib:/nix/store/2k366jrbsra97gjfxwvrhvixjfxdach5-glib-2.74.1/lib:/nix/store/2j2znigd8ak37rlwh9khz0ry3clqlw1l-gtk+3-3.24.34/lib:/nix/store/hisqvx32cd57apbpcsnkpx6k3549wql1-libglvnd-1.4.0/lib:/nix/store/p36pgcv991mq5srvg765b78yqpxvk3qs-mesa-21.3.3-drivers/lib:/nix/store/mav4251if1ahjq5vkpwycyyvnmy459c4-pulseaudio-14.2/lib
DISPLAY=:0
LANG=en_US.UTF-8

Signal Handlers:
   SIGSEGV: crash_handler in libjvm.so, mask=11100100010111111101111111111110, flags=SA_RESTART|SA_SIGINFO
    SIGBUS: crash_handler in libjvm.so, mask=11100100010111111101111111111110, flags=SA_RESTART|SA_SIGINFO
    SIGFPE: crash_handler in libjvm.so, mask=11100100010111111101111111111110, flags=SA_RESTART|SA_SIGINFO
   SIGPIPE: IsolateEnterStub_IgnoreSIGPIPEStartupHook_noopSignalHandler_8f19bff2f35b5f630d83b364d6b2339320d4ec70_216e8361c6bc87a8f89f58cc10d3b2fd4415bf87 in libjvmcicompiler.so, mask=00000000000000000000000000000000, flags=SA_RESTART
  *** Handler was modified!
  *** Expected: javaSignalHandler in libjvm.so, mask=11100100110111111111111111111110, flags=SA_RESTART|SA_SIGINFO
   SIGXFSZ: javaSignalHandler in libjvm.so, mask=11100100010111111101111111111110, flags=SA_RESTART|SA_SIGINFO
    SIGILL: crash_handler in libjvm.so, mask=11100100010111111101111111111110, flags=SA_RESTART|SA_SIGINFO
   SIGUSR2: SR_handler in libjvm.so, mask=00000000000000000000000000000000, flags=SA_RESTART|SA_SIGINFO
    SIGHUP: UserHandler in libjvm.so, mask=11100100010111111101111111111110, flags=SA_RESTART|SA_SIGINFO
    SIGINT: UserHandler in libjvm.so, mask=11100100010111111101111111111110, flags=SA_RESTART|SA_SIGINFO
   SIGTERM: UserHandler in libjvm.so, mask=11100100010111111101111111111110, flags=SA_RESTART|SA_SIGINFO
   SIGQUIT: UserHandler in libjvm.so, mask=11100100010111111101111111111110, flags=SA_RESTART|SA_SIGINFO
  *** Handler was modified!
  *** Expected: javaSignalHandler in libjvm.so, mask=11100100110111111111111111111110, flags=SA_RESTART|SA_SIGINFO
   SIGTRAP: crash_handler in libjvm.so, mask=11100100010111111101111111111110, flags=SA_RESTART|SA_SIGINFO


---------------  S Y S T E M  ---------------

OS:
DISTRIB_ID=Ubuntu
DISTRIB_RELEASE=20.04
DISTRIB_CODENAME=focal
DISTRIB_DESCRIPTION="Ubuntu 20.04.2 LTS"
uname: Linux 5.19.0-1022-gcp #24~22.04.1-Ubuntu SMP Sun Apr 23 09:51:08 UTC 2023 x86_64
OS uptime: 0 days 22:21 hours
libc: glibc 2.35 NPTL 2.35 
rlimit (soft/hard): STACK 8192k/infinity , CORE infinity/infinity , NPROC infinity/infinity , NOFILE 5242/5242 , AS infinity/infinity , CPU infinity/infinity , DATA infinity/infinity , FSIZE infinity/infinity , MEMLOCK 8192k/8192k
load average: 11.72 9.67 10.18

/proc/meminfo:
MemTotal:       65852256 kB
MemFree:         5868104 kB
MemAvailable:   27220776 kB
Buffers:         1866608 kB
Cached:         17379360 kB
SwapCached:            0 kB
Active:         10460176 kB
Inactive:       44513800 kB
Active(anon):      15720 kB
Inactive(anon): 35397216 kB
Active(file):   10444456 kB
Inactive(file):  9116584 kB
Unevictable:       56032 kB
Mlocked:           56032 kB
SwapTotal:             0 kB
SwapFree:              0 kB
Zswap:                 0 kB
Zswapped:              0 kB
Dirty:              3596 kB
Writeback:             0 kB
AnonPages:      32182492 kB
Mapped:          1939352 kB
Shmem:             28660 kB
KReclaimable:    2518232 kB
Slab:            3814724 kB
SReclaimable:    2518232 kB
SUnreclaim:      1296492 kB
KernelStack:      450112 kB
PageTables:       247564 kB
NFS_Unstable:          0 kB
Bounce:                0 kB
WritebackTmp:          0 kB
CommitLimit:    32926128 kB
Committed_AS:   84848220 kB
VmallocTotal:   34359738367 kB
VmallocUsed:      493372 kB
VmallocChunk:          0 kB
Percpu:            58176 kB
HardwareCorrupted:     0 kB
AnonHugePages:   8736768 kB
ShmemHugePages:        0 kB
ShmemPmdMapped:        0 kB
FileHugePages:         0 kB
FilePmdMapped:         0 kB
HugePages_Total:       0
HugePages_Free:        0
HugePages_Rsvd:        0
HugePages_Surp:        0
Hugepagesize:       2048 kB
Hugetlb:               0 kB
DirectMap4k:     7533368 kB
DirectMap2M:    55377920 kB
DirectMap1G:     6291456 kB

/sys/kernel/mm/transparent_hugepage/enabled: always [madvise] never
/sys/kernel/mm/transparent_hugepage/defrag (defrag/compaction efforts parameter): always defer defer+madvise [madvise] never

Process Memory:
Virtual Size: 4780672K (peak: 4875072K)
Resident Set Size: 713936K (peak: 764996K) (anon: 522332K, file: 191604K, shmem: 0K)
Swapped out: 0K
C-Heap outstanding allocations: 41616K, retained: 11091K
glibc malloc tunables: (default)

/proc/sys/kernel/threads-max (system-wide limit on the number of threads): 514406
/proc/sys/vm/max_map_count (maximum number of memory map areas a process may have): 65530
/proc/sys/kernel/pid_max (system-wide limit on number of process identifiers): 4194304

container (cgroup) information:
container_type: cgroupv1
cpu_cpuset_cpus: 2-7
cpu_memory_nodes: 0
active_processor_count: 1
cpu_quota: 50000
cpu_period: 100000
cpu_shares: 512
memory_limit_in_bytes: 1048576 k
memory_and_swap_limit_in_bytes: 1048576 k
memory_soft_limit_in_bytes: 524288 k
memory_usage_in_bytes: 582100 k
memory_max_usage_in_bytes: 618224 k
maximum number of tasks: 1000
current number of tasks: 46

KVM virtualization detected
Steal ticks since vm start: 0
Steal ticks percentage since vm start:  0.000

CPU: total 8 (initial active 1) (8 cores per cpu, 2 threads per core) family 23 model 49 stepping 0 microcode 0xffffffff, cx8, cmov, fxsr, ht, mmx, 3dnowpref, sse, sse2, sse3, ssse3, sse4a, sse4.1, sse4.2, popcnt, lzcnt, tsc, tscinvbit, avx, avx2, aes, clmul, bmi1, bmi2, adx, sha, fma, vzeroupper, clflush, clflushopt, hv
CPU Model and flags from /proc/cpuinfo:
model name	: AMD EPYC 7B12
flags		: fpu vme de pse tsc msr pae mce cx8 apic sep mtrr pge mca cmov pat pse36 clflush mmx fxsr sse sse2 ht syscall nx mmxext fxsr_opt pdpe1gb rdtscp lm constant_tsc rep_good nopl nonstop_tsc cpuid extd_apicid tsc_known_freq pni pclmulqdq ssse3 fma cx16 sse4_1 sse4_2 movbe popcnt aes xsave avx f16c rdrand hypervisor lahf_lm cmp_legacy cr8_legacy abm sse4a misalignsse 3dnowprefetch osvw topoext ssbd ibrs ibpb stibp vmmcall fsgsbase tsc_adjust bmi1 avx2 smep bmi2 rdseed adx smap clflushopt clwb sha_ni xsaveopt xsavec xgetbv1 clzero xsaveerptr arat npt nrip_save umip rdpid

Online cpus: 0-7
Offline cpus: 
BIOS frequency limitation: <Not Available>
Frequency switch latency (ns): <Not Available>
Available cpu frequencies: <Not Available>
Current governor: <Not Available>
Core performance/turbo boost: <Not Available>

Memory: 4k page, physical 1048576k(466468k free), swap 0k(0k free)
Page Sizes: 4k

vm_info: OpenJDK 64-Bit Server VM (17.0.5+8-jvmci-22.3-b08) for linux-amd64 JRE (17.0.5+8-jvmci-22.3-b08), built on Oct 19 2022 09:01:27 by "buildslave" with gcc 10.3.0

END.
